2026-01-18 10:21:04.959 [info] Reading sessions from keychain...
2026-01-18 10:21:04.959 [info] Getting sessions for all scopes...
2026-01-18 10:21:04.959 [info] Got 0 sessions for ...
2026-01-18 10:21:04.959 [info] Getting sessions for all scopes...
2026-01-18 10:21:04.959 [info] Got 0 sessions for ...
2026-01-18 10:21:04.959 [info] Getting sessions for all scopes...
2026-01-18 10:21:04.959 [info] Got 0 sessions for ...
2026-01-18 10:21:04.959 [info] Getting sessions for all scopes...
2026-01-18 10:21:04.959 [info] Got 0 sessions for ...
2026-01-18 10:21:04.959 [info] Getting sessions for all scopes...
2026-01-18 10:21:04.959 [info] Got 0 sessions for ...
2026-01-18 10:21:04.959 [info] Getting sessions for all scopes...
2026-01-18 10:21:04.959 [info] Got 0 sessions for ...
2026-01-18 10:21:04.959 [info] Getting sessions for all scopes...
2026-01-18 10:21:04.959 [info] Got 0 sessions for ...
2026-01-18 10:21:04.959 [info] Getting sessions for all scopes...
2026-01-18 10:21:04.959 [info] Got 0 sessions for ...
2026-01-18 10:21:04.959 [info] Getting sessions for all scopes...
2026-01-18 10:21:04.959 [info] Got 0 sessions for ...
2026-01-18 10:21:04.971 [info] Getting sessions for all scopes...
2026-01-18 10:21:04.971 [info] Got 0 sessions for ...
2026-01-18 10:21:04.971 [info] Getting sessions for all scopes...
2026-01-18 10:21:04.971 [info] Got 0 sessions for ...
2026-01-18 10:21:04.971 [info] Getting sessions for all scopes...
2026-01-18 10:21:04.971 [info] Got 0 sessions for ...
2026-01-18 10:21:04.971 [info] Getting sessions for all scopes...
2026-01-18 10:21:04.971 [info] Got 0 sessions for ...
2026-01-18 10:21:04.971 [info] Getting sessions for all scopes...
2026-01-18 10:21:04.971 [info] Got 0 sessions for ...
2026-01-18 10:21:04.971 [info] Getting sessions for all scopes...
2026-01-18 10:21:04.971 [info] Got 0 sessions for ...
2026-01-18 10:21:04.990 [info] Getting sessions for all scopes...
2026-01-18 10:21:04.990 [info] Got 0 sessions for ...
2026-01-18 10:21:05.168 [info] Getting sessions for all scopes...
2026-01-18 10:21:05.168 [info] Got 0 sessions for ...
2026-01-18 10:21:05.276 [info] Getting sessions for all scopes...
2026-01-18 10:21:05.276 [info] Got 0 sessions for ...
2026-01-18 10:21:06.642 [info] Getting sessions for project,read:org,read:user,repo,user:email,workflow...
2026-01-18 10:21:06.642 [info] Got 0 sessions for project,read:org,read:user,repo,user:email,workflow...
2026-01-18 10:21:06.663 [info] Getting sessions for read:user,repo,user:email,workflow...
2026-01-18 10:21:06.663 [info] Got 0 sessions for read:user,repo,user:email,workflow...
2026-01-18 10:21:06.672 [info] Getting sessions for read:user,repo,user:email...
2026-01-18 10:21:06.672 [info] Got 0 sessions for read:user,repo,user:email...
2026-01-18 10:21:06.673 [info] Getting sessions for read:user,repo,user:email,workflow...
2026-01-18 10:21:06.673 [info] Got 0 sessions for read:user,repo,user:email,workflow...
2026-01-18 10:21:06.894 [info] Getting sessions for all scopes...
2026-01-18 10:21:06.894 [info] Got 0 sessions for ...
2026-01-18 10:21:06.911 [info] Getting sessions for all scopes...
2026-01-18 10:21:06.911 [info] Got 0 sessions for ...
2026-01-18 10:21:23.092 [info] Getting sessions for all scopes...
2026-01-18 10:21:23.092 [info] Got 0 sessions for ...
2026-01-18 10:21:23.872 [info] Getting sessions for all scopes...
2026-01-18 10:21:23.872 [info] Got 0 sessions for ...
2026-01-18 10:21:24.139 [info] Getting sessions for all scopes...
2026-01-18 10:21:24.139 [info] Got 0 sessions for ...
2026-01-18 10:21:43.013 [info] Getting sessions for all scopes...
2026-01-18 10:21:43.013 [info] Got 0 sessions for ...
2026-01-18 10:21:45.147 [info] Getting sessions for all scopes...
2026-01-18 10:21:45.147 [info] Got 0 sessions for ...
2026-01-18 10:21:45.233 [info] Getting sessions for all scopes...
2026-01-18 10:21:45.233 [info] Got 0 sessions for ...
2026-01-18 10:21:46.422 [info] Getting sessions for all scopes...
2026-01-18 10:21:46.422 [info] Got 0 sessions for ...
2026-01-18 10:21:47.404 [info] Getting sessions for all scopes...
2026-01-18 10:21:47.405 [info] Got 0 sessions for ...
2026-01-18 10:21:50.152 [info] Getting sessions for all scopes...
2026-01-18 10:21:50.152 [info] Got 0 sessions for ...
2026-01-18 10:21:51.502 [info] Getting sessions for all scopes...
2026-01-18 10:21:51.502 [info] Got 0 sessions for ...
2026-01-18 10:21:52.346 [info] Getting sessions for all scopes...
2026-01-18 10:21:52.346 [info] Got 0 sessions for ...
2026-01-18 10:21:54.641 [info] Getting sessions for all scopes...
2026-01-18 10:21:54.641 [info] Got 0 sessions for ...
2026-01-18 10:33:49.164 [info] Getting sessions for all scopes...
2026-01-18 10:33:49.165 [info] Got 0 sessions for ...
2026-01-18 10:33:58.028 [info] Getting sessions for read:user,repo,user:email,workflow...
2026-01-18 10:33:58.028 [info] Got 0 sessions for read:user,repo,user:email,workflow...
2026-01-18 10:33:58.032 [info] Getting sessions for all scopes...
2026-01-18 10:33:58.032 [info] Got 0 sessions for ...
2026-01-18 10:33:58.109 [info] Getting sessions for all scopes...
2026-01-18 10:33:58.109 [info] Got 0 sessions for ...
2026-01-18 10:34:01.295 [info] Getting sessions for all scopes...
2026-01-18 10:34:01.295 [info] Got 0 sessions for ...
2026-01-18 10:34:01.986 [info] Getting sessions for all scopes...
2026-01-18 10:34:01.986 [info] Got 0 sessions for ...
2026-01-18 10:34:22.726 [info] Getting sessions for all scopes...
2026-01-18 10:34:22.726 [info] Got 0 sessions for ...
2026-01-18 10:34:31.034 [info] Getting sessions for all scopes...
2026-01-18 10:34:31.034 [info] Got 0 sessions for ...
2026-01-18 10:34:32.602 [info] Getting sessions for all scopes...
2026-01-18 10:34:32.602 [info] Got 0 sessions for ...
