2026-01-18 00:54:58.037 [info] Extension host with pid 35760 started
2026-01-18 00:54:58.037 [info] Skipping acquiring lock for /home/aechewhy/.config/Code/User/workspaceStorage/13cb9552a3bf056a20de357ef87cf600.
2026-01-18 00:54:58.201 [info] ExtensionService#_doActivateExtension vscode.github-authentication, startup: false, activationEvent: 'onAuthenticationRequest:github'
2026-01-18 00:54:58.219 [info] ExtensionService#_doActivateExtension mechatroner.rainbow-csv, startup: false, activationEvent: 'onLanguage:plaintext'
2026-01-18 00:54:58.221 [info] ExtensionService#_doActivateExtension vscode.emmet, startup: false, activationEvent: 'onLanguage'
2026-01-18 00:54:59.084 [info] ExtensionService#_doActivateExtension vscode.git-base, startup: true, activationEvent: '*', root cause: vscode.git
2026-01-18 00:54:59.086 [info] ExtensionService#_doActivateExtension be5invis.vscode-custom-css, startup: true, activationEvent: '*'
2026-01-18 00:54:59.096 [info] ExtensionService#_doActivateExtension Cardinal90.multi-cursor-case-preserve, startup: true, activationEvent: '*'
2026-01-18 00:54:59.097 [info] ExtensionService#_doActivateExtension oderwat.indent-rainbow, startup: true, activationEvent: '*'
2026-01-18 00:54:59.097 [info] ExtensionService#_doActivateExtension s-nlf-fh.glassit, startup: true, activationEvent: '*'
2026-01-18 00:54:59.104 [info] ExtensionService#_doActivateExtension SirTori.indenticator, startup: true, activationEvent: '*'
2026-01-18 00:54:59.105 [info] ExtensionService#_doActivateExtension wayou.vscode-todo-highlight, startup: true, activationEvent: '*'
2026-01-18 00:54:59.154 [error] Activating extension s-nlf-fh.glassit failed due to an error:
2026-01-18 00:54:59.154 [error] TypeError: allWindowIds is not iterable
	at activate (/home/aechewhy/.vscode/extensions/s-nlf-fh.glassit-0.2.6/extension.js:65:36)
	at GA.kb (file:///opt/visual-studio-code/resources/app/out/vs/workbench/api/node/extensionHostProcess.js:120:15356)
	at GA.jb (file:///opt/visual-studio-code/resources/app/out/vs/workbench/api/node/extensionHostProcess.js:120:15101)
	at file:///opt/visual-studio-code/resources/app/out/vs/workbench/api/node/extensionHostProcess.js:120:13259
	at async aA.n (file:///opt/visual-studio-code/resources/app/out/vs/workbench/api/node/extensionHostProcess.js:116:13398)
	at async aA.m (file:///opt/visual-studio-code/resources/app/out/vs/workbench/api/node/extensionHostProcess.js:116:13361)
	at async aA.l (file:///opt/visual-studio-code/resources/app/out/vs/workbench/api/node/extensionHostProcess.js:116:12817)
2026-01-18 00:54:59.159 [info] ExtensionService#_doActivateExtension vscode.git, startup: true, activationEvent: '*'
2026-01-18 00:54:59.193 [info] ExtensionService#_doActivateExtension vscode.github, startup: true, activationEvent: '*'
2026-01-18 00:54:59.221 [info] Extension host terminating: renderer closed the MessagePort
2026-01-18 00:54:59.224 [warning] Canceled
2026-01-18 00:54:59.224 [warning] Canceled
2026-01-18 00:54:59.224 [warning] Canceled
2026-01-18 00:54:59.224 [warning] Canceled
2026-01-18 00:54:59.224 [info] Extension host with pid 35760 exiting with code 0
