2026-01-17 21:55:35.948 [info] Configuration changed
2026-01-17 21:55:36.242 [info] Configuration changed
2026-01-17 21:55:49.458 [info] Active editor: file:///home/aechewhy/.config/yazi/theme.toml
2026-01-17 21:56:20.288 [info] /home/aechewhy/.config/Code/User/settings.json closed
2026-01-17 21:56:20.292 [info] Configuration changed
2026-01-17 21:56:21.554 [info] Active editor: file:///home/aechewhy/.config/yazi/keymap.toml
2026-01-17 21:56:24.332 [info] Active editor: file:///home/aechewhy/.config/yazi/theme.toml
2026-01-17 21:56:27.322 [info] Active editor: file:///home/aechewhy/.config/yazi/theme.toml
2026-01-17 21:56:28.083 [info] Active editor: file:///home/aechewhy/.config/yazi/yazi.toml
2026-01-17 21:56:42.926 [info] /home/aechewhy/.config/Code/User/settings.json closed
2026-01-17 21:56:42.986 [info] Configuration changed
2026-01-17 21:56:52.304 [info] /home/aechewhy/.config/Code/User/settings.json closed
2026-01-17 21:56:52.358 [info] Configuration changed
2026-01-17 21:57:04.875 [info] /home/aechewhy/.config/Code/User/settings.json closed
2026-01-17 21:57:04.909 [info] Configuration changed
2026-01-17 21:57:42.535 [info] /home/aechewhy/.config/yazi/theme.toml closed
2026-01-17 21:57:42.535 [info] /home/aechewhy/.config/yazi/keymap.toml closed
2026-01-17 21:57:42.536 [info] /home/aechewhy/.config/yazi/yazi.toml closed
2026-01-17 21:57:42.559 [info] Configuration changed
2026-01-17 21:57:44.176 [info] Active editor: file:///home/aechewhy/.config/yazi/yazi.toml
2026-01-17 22:02:59.817 [info] Active editor: file:///home/aechewhy/.config/yazi/init.lua
2026-01-17 22:04:44.646 [info] Active editor: file:///home/aechewhy/.config/yazi/keymap.toml
2026-01-17 22:05:51.119 [info] /home/aechewhy/.config/Code/User/settings.json closed
2026-01-17 22:05:51.132 [info] Configuration changed
2026-01-17 22:06:49.572 [info] Active editor: file:///home/aechewhy/.config/yazi/init.lua
2026-01-17 22:06:49.966 [info] Active editor: file:///home/aechewhy/.config/yazi/keymap.toml
2026-01-17 22:06:51.504 [info] Active editor: file:///home/aechewhy/.config/yazi/init.lua
2026-01-17 22:06:51.664 [info] Active editor: file:///home/aechewhy/.config/yazi/yazi.toml
2026-01-17 22:07:11.710 [info] Untitled-1 closed
2026-01-17 22:22:53.488 [info] /home/aechewhy/.config/yazi/plugins/confirm-quit.yazi/main.lua closed
2026-01-17 22:22:55.067 [info] /home/aechewhy/.config/yazi/plugins/parent-arrow.yazi/main.lua closed
2026-01-18 00:08:09.616 [info] /home/aechewhy/.config/yazi/plugins/yatline.yazi/main.lua closed
2026-01-18 00:24:14.419 [info] /home/aechewhy/.config/Code/User/settings.json closed
2026-01-18 00:25:13.937 [info] Configuration changed
2026-01-18 00:25:13.939 [error] j,j missing 'after' key or 'commands'.
