2026-01-18 10:21:06.087 [info] [main] Log level: Info
2026-01-18 10:21:06.087 [info] [main] Validating found git in: "git"
2026-01-18 10:21:06.087 [info] [main] Using git "2.52.0" from "git"
2026-01-18 10:21:06.087 [info] [Model][doInitialScan] Initial repository scan started
2026-01-18 10:21:06.087 [info] > git rev-parse --show-toplevel [6ms]
2026-01-18 10:21:06.087 [info] fatal: not a git repository (or any parent up to mount point /)
Stopping at filesystem boundary (GIT_DISCOVERY_ACROSS_FILESYSTEM not set).
2026-01-18 10:21:06.088 [info] > git rev-parse --show-toplevel [1ms]
2026-01-18 10:21:06.088 [info] fatal: not a git repository (or any parent up to mount point /)
Stopping at filesystem boundary (GIT_DISCOVERY_ACROSS_FILESYSTEM not set).
2026-01-18 10:21:06.088 [info] [Model][doInitialScan] Initial repository scan completed - repositories (0), closed repositories (0), parent repositories (0), unsafe repositories (0)
2026-01-18 10:21:06.806 [info] > git rev-parse --show-toplevel [2ms]
2026-01-18 10:21:06.806 [info] fatal: not a git repository (or any parent up to mount point /)
Stopping at filesystem boundary (GIT_DISCOVERY_ACROSS_FILESYSTEM not set).
2026-01-18 10:21:06.840 [info] > git rev-parse --show-toplevel [1ms]
2026-01-18 10:21:06.840 [info] fatal: not a git repository (or any parent up to mount point /)
Stopping at filesystem boundary (GIT_DISCOVERY_ACROSS_FILESYSTEM not set).
2026-01-18 10:21:22.852 [info] > git rev-parse --show-toplevel [3ms]
2026-01-18 10:21:22.852 [info] fatal: not a git repository (or any parent up to mount point /)
Stopping at filesystem boundary (GIT_DISCOVERY_ACROSS_FILESYSTEM not set).
2026-01-18 10:21:24.075 [info] > git rev-parse --show-toplevel [1ms]
2026-01-18 10:21:24.075 [info] fatal: not a git repository (or any parent up to mount point /)
Stopping at filesystem boundary (GIT_DISCOVERY_ACROSS_FILESYSTEM not set).
2026-01-18 10:33:49.117 [info] > git rev-parse --show-toplevel [1ms]
2026-01-18 10:33:49.117 [info] fatal: not a git repository (or any parent up to mount point /)
Stopping at filesystem boundary (GIT_DISCOVERY_ACROSS_FILESYSTEM not set).
2026-01-18 10:33:57.932 [info] > git rev-parse --show-toplevel [3ms]
2026-01-18 10:33:57.938 [info] > git rev-parse --git-dir --git-common-dir --show-superproject-working-tree [1ms]
2026-01-18 10:33:57.950 [info] [Model][openRepository] Opened repository (path): /home/aechewhy/.config/nvim/nvim-config
2026-01-18 10:33:57.950 [info] [Model][openRepository] Opened repository (real path): /home/aechewhy/.config/nvim/nvim-config
2026-01-18 10:33:57.950 [info] [Model][openRepository] Opened repository (kind): repository
2026-01-18 10:33:57.959 [info] > git config --get commit.template [1ms]
2026-01-18 10:33:57.963 [info] > git for-each-ref --format=%(refname)%00%(upstream:short)%00%(objectname)%00%(upstream:track)%00%(upstream:remotename)%00%(upstream:remoteref) refs/heads/master refs/remotes/master [1ms]
2026-01-18 10:33:57.968 [warning] [Git][revParse] Unable to read file: ENOENT: no such file or directory, open '/home/aechewhy/.config/nvim/nvim-config/.git/refs/remotes/origin/master'
2026-01-18 10:33:57.969 [info] > git rev-parse refs/remotes/origin/master [1ms]
2026-01-18 10:33:57.977 [info] > git status -z -uall [4ms]
2026-01-18 10:33:57.979 [info] > git for-each-ref --sort -committerdate --format %(refname)%00%(objectname)%00%(*objectname) [2ms]
2026-01-18 10:33:57.992 [info] > git for-each-ref --format=%(refname)%00%(upstream:short)%00%(objectname)%00%(upstream:track)%00%(upstream:remotename)%00%(upstream:remoteref) refs/heads/master refs/remotes/master [7ms]
2026-01-18 10:33:57.998 [info] > git config --get --local branch.master.vscode-merge-base [1ms]
2026-01-18 10:33:57.998 [warning] [Git][config] git config failed: Failed to execute git
2026-01-18 10:33:58.002 [info] > git config --get commit.template [11ms]
2026-01-18 10:33:58.008 [info] > git reflog master --grep-reflog=branch: Created from *. [6ms]
2026-01-18 10:33:58.012 [info] > git symbolic-ref --short refs/remotes/origin/HEAD [1ms]
2026-01-18 10:33:58.017 [info] > git for-each-ref --format=%(refname)%00%(upstream:short)%00%(objectname)%00%(upstream:track)%00%(upstream:remotename)%00%(upstream:remoteref) refs/heads/master refs/remotes/master [9ms]
2026-01-18 10:33:58.022 [warning] [Git][revParse] Unable to read file: ENOENT: no such file or directory, open '/home/aechewhy/.config/nvim/nvim-config/.git/refs/remotes/origin/master'
2026-01-18 10:33:58.023 [info] > git for-each-ref --format=%(refname)%00%(upstream:short)%00%(objectname)%00%(upstream:track)%00%(upstream:remotename)%00%(upstream:remoteref) refs/heads/origin/master refs/remotes/origin/master [6ms]
2026-01-18 10:33:58.029 [info] > git config --add --local branch.master.vscode-merge-base origin/master [2ms]
2026-01-18 10:33:58.030 [info] > git rev-parse refs/remotes/origin/master [8ms]
2026-01-18 10:33:58.041 [info] > git config --get commit.template [4ms]
2026-01-18 10:33:58.041 [info] > git for-each-ref --format=%(refname)%00%(upstream:short)%00%(objectname)%00%(upstream:track)%00%(upstream:remotename)%00%(upstream:remoteref) refs/heads/master refs/remotes/master [1ms]
2026-01-18 10:33:58.045 [warning] [Git][revParse] Unable to read file: ENOENT: no such file or directory, open '/home/aechewhy/.config/nvim/nvim-config/.git/refs/remotes/origin/master'
2026-01-18 10:33:58.046 [info] > git rev-parse refs/remotes/origin/master [1ms]
2026-01-18 10:33:58.053 [info] > git status -z -uall [4ms]
2026-01-18 10:33:58.053 [info] > git for-each-ref --sort -committerdate --format %(refname)%00%(objectname)%00%(*objectname) [1ms]
2026-01-18 10:33:58.071 [info] > git merge-base refs/heads/master refs/remotes/origin/master [7ms]
2026-01-18 10:33:58.077 [info] > git merge-base refs/heads/master refs/remotes/origin/master [17ms]
2026-01-18 10:33:58.083 [info] > git diff --raw --numstat --diff-filter=ADMR -z --find-renames=50% 9277d114fc0131d5364f06101c52c54a432f6ee5...refs/remotes/origin/master -- [6ms]
2026-01-18 10:33:58.083 [info] > git config --local -l [14ms]
2026-01-18 10:33:58.085 [info] > git diff --raw --numstat --diff-filter=ADMR -z --find-renames=50% 9277d114fc0131d5364f06101c52c54a432f6ee5...refs/remotes/origin/master -- [4ms]
2026-01-18 10:33:58.090 [info] > git config --local -l [1ms]
2026-01-18 10:33:58.270 [info] > git check-ignore -v -z --stdin [1ms]
2026-01-18 10:33:58.280 [info] > git show --textconv :lua/plugins/yazi.lua [4ms]
2026-01-18 10:33:58.281 [info] > git ls-files --stage -- lua/plugins/yazi.lua [1ms]
2026-01-18 10:33:58.285 [info] > git cat-file -s af7f14d74f22c5ca6a1b84cfcdf3b61651477f92 [1ms]
2026-01-18 10:33:58.305 [info] > git blame --root --incremental 9277d114fc0131d5364f06101c52c54a432f6ee5 -- lua/plugins/yazi.lua [2ms]
2026-01-18 10:33:58.525 [info] > git check-ignore -v -z --stdin [1ms]
2026-01-18 10:33:58.825 [info] > git fetch [876ms]
2026-01-18 10:33:58.833 [info] > git config --get commit.template [4ms]
2026-01-18 10:33:58.834 [info] > git for-each-ref --format=%(refname)%00%(upstream:short)%00%(objectname)%00%(upstream:track)%00%(upstream:remotename)%00%(upstream:remoteref) refs/heads/master refs/remotes/master [1ms]
2026-01-18 10:33:58.837 [warning] [Git][revParse] Unable to read file: ENOENT: no such file or directory, open '/home/aechewhy/.config/nvim/nvim-config/.git/refs/remotes/origin/master'
2026-01-18 10:33:58.837 [info] > git rev-parse refs/remotes/origin/master [0ms]
2026-01-18 10:33:58.845 [info] > git status -z -uall [4ms]
2026-01-18 10:33:58.845 [info] > git for-each-ref --sort -committerdate --format %(refname)%00%(objectname)%00%(*objectname) [0ms]
2026-01-18 10:34:01.225 [info] > git rev-parse --show-toplevel [2ms]
2026-01-18 10:34:01.225 [info] fatal: not a git repository (or any parent up to mount point /)
Stopping at filesystem boundary (GIT_DISCOVERY_ACROSS_FILESYSTEM not set).
2026-01-18 10:34:02.104 [info] > git check-ignore -v -z --stdin [2ms]
2026-01-18 10:34:02.113 [info] > git show --textconv :lua/plugins/snacks.lua [3ms]
2026-01-18 10:34:02.113 [info] > git ls-files --stage -- lua/plugins/snacks.lua [0ms]
2026-01-18 10:34:02.118 [info] > git cat-file -s be203d654285592937b878656dc9003e09ad6f93 [1ms]
2026-01-18 10:34:02.140 [info] > git blame --root --incremental 9277d114fc0131d5364f06101c52c54a432f6ee5 -- lua/plugins/snacks.lua [1ms]
2026-01-18 10:34:32.520 [info] > git rev-parse --show-toplevel [1ms]
2026-01-18 10:34:32.520 [info] fatal: not a git repository (or any parent up to mount point /)
Stopping at filesystem boundary (GIT_DISCOVERY_ACROSS_FILESYSTEM not set).
2026-01-18 10:43:38.204 [info] > git fetch [797ms]
2026-01-18 10:43:38.213 [info] > git config --get commit.template [4ms]
2026-01-18 10:43:38.214 [info] > git for-each-ref --format=%(refname)%00%(upstream:short)%00%(objectname)%00%(upstream:track)%00%(upstream:remotename)%00%(upstream:remoteref) refs/heads/master refs/remotes/master [1ms]
2026-01-18 10:43:38.217 [warning] [Git][revParse] Unable to read file: ENOENT: no such file or directory, open '/home/aechewhy/.config/nvim/nvim-config/.git/refs/remotes/origin/master'
2026-01-18 10:43:38.217 [info] > git rev-parse refs/remotes/origin/master [0ms]
2026-01-18 10:43:38.224 [info] > git status -z -uall [4ms]
2026-01-18 10:43:38.224 [info] > git for-each-ref --sort -committerdate --format %(refname)%00%(objectname)%00%(*objectname) [1ms]
2026-01-18 10:47:23.374 [info] > git fetch [910ms]
2026-01-18 10:47:23.380 [info] > git config --get commit.template [0ms]
2026-01-18 10:47:23.385 [info] > git for-each-ref --format=%(refname)%00%(upstream:short)%00%(objectname)%00%(upstream:track)%00%(upstream:remotename)%00%(upstream:remoteref) refs/heads/master refs/remotes/master [2ms]
2026-01-18 10:47:23.389 [warning] [Git][revParse] Unable to read file: ENOENT: no such file or directory, open '/home/aechewhy/.config/nvim/nvim-config/.git/refs/remotes/origin/master'
2026-01-18 10:47:23.390 [info] > git rev-parse refs/remotes/origin/master [1ms]
2026-01-18 10:47:23.397 [info] > git status -z -uall [4ms]
2026-01-18 10:47:23.398 [info] > git for-each-ref --sort -committerdate --format %(refname)%00%(objectname)%00%(*objectname) [1ms]
2026-01-18 11:13:17.056 [info] > git fetch [888ms]
2026-01-18 11:13:17.062 [info] > git config --get commit.template [2ms]
2026-01-18 11:13:17.068 [info] > git for-each-ref --format=%(refname)%00%(upstream:short)%00%(objectname)%00%(upstream:track)%00%(upstream:remotename)%00%(upstream:remoteref) refs/heads/master refs/remotes/master [2ms]
2026-01-18 11:13:17.073 [warning] [Git][revParse] Unable to read file: ENOENT: no such file or directory, open '/home/aechewhy/.config/nvim/nvim-config/.git/refs/remotes/origin/master'
2026-01-18 11:13:17.074 [info] > git rev-parse refs/remotes/origin/master [1ms]
2026-01-18 11:13:17.083 [info] > git status -z -uall [4ms]
2026-01-18 11:13:17.084 [info] > git for-each-ref --sort -committerdate --format %(refname)%00%(objectname)%00%(*objectname) [1ms]
2026-01-18 11:28:09.790 [info] > git fetch [925ms]
2026-01-18 11:28:09.800 [info] > git config --get commit.template [4ms]
2026-01-18 11:28:09.801 [info] > git for-each-ref --format=%(refname)%00%(upstream:short)%00%(objectname)%00%(upstream:track)%00%(upstream:remotename)%00%(upstream:remoteref) refs/heads/master refs/remotes/master [2ms]
2026-01-18 11:28:09.805 [warning] [Git][revParse] Unable to read file: ENOENT: no such file or directory, open '/home/aechewhy/.config/nvim/nvim-config/.git/refs/remotes/origin/master'
2026-01-18 11:28:09.806 [info] > git rev-parse refs/remotes/origin/master [1ms]
2026-01-18 11:28:09.814 [info] > git status -z -uall [4ms]
2026-01-18 11:28:09.815 [info] > git for-each-ref --sort -committerdate --format %(refname)%00%(objectname)%00%(*objectname) [2ms]
2026-01-18 11:57:15.411 [info] > git fetch [903ms]
2026-01-18 11:57:15.420 [info] > git config --get commit.template [4ms]
2026-01-18 11:57:15.421 [info] > git for-each-ref --format=%(refname)%00%(upstream:short)%00%(objectname)%00%(upstream:track)%00%(upstream:remotename)%00%(upstream:remoteref) refs/heads/master refs/remotes/master [1ms]
2026-01-18 11:57:15.424 [warning] [Git][revParse] Unable to read file: ENOENT: no such file or directory, open '/home/aechewhy/.config/nvim/nvim-config/.git/refs/remotes/origin/master'
2026-01-18 11:57:15.425 [info] > git rev-parse refs/remotes/origin/master [1ms]
2026-01-18 11:57:15.433 [info] > git status -z -uall [5ms]
2026-01-18 11:57:15.434 [info] > git for-each-ref --sort -committerdate --format %(refname)%00%(objectname)%00%(*objectname) [1ms]
2026-01-18 12:00:48.404 [info] > git fetch [907ms]
2026-01-18 12:00:48.409 [info] > git config --get commit.template [0ms]
2026-01-18 12:00:48.413 [info] > git for-each-ref --format=%(refname)%00%(upstream:short)%00%(objectname)%00%(upstream:track)%00%(upstream:remotename)%00%(upstream:remoteref) refs/heads/master refs/remotes/master [1ms]
2026-01-18 12:00:48.417 [warning] [Git][revParse] Unable to read file: ENOENT: no such file or directory, open '/home/aechewhy/.config/nvim/nvim-config/.git/refs/remotes/origin/master'
2026-01-18 12:00:48.418 [info] > git rev-parse refs/remotes/origin/master [1ms]
2026-01-18 12:00:48.425 [info] > git status -z -uall [4ms]
2026-01-18 12:00:48.426 [info] > git for-each-ref --sort -committerdate --format %(refname)%00%(objectname)%00%(*objectname) [2ms]
2026-01-18 12:04:14.330 [info] > git fetch [855ms]
2026-01-18 12:04:14.337 [info] > git config --get commit.template [1ms]
2026-01-18 12:04:14.342 [info] > git for-each-ref --format=%(refname)%00%(upstream:short)%00%(objectname)%00%(upstream:track)%00%(upstream:remotename)%00%(upstream:remoteref) refs/heads/master refs/remotes/master [1ms]
2026-01-18 12:04:14.345 [warning] [Git][revParse] Unable to read file: ENOENT: no such file or directory, open '/home/aechewhy/.config/nvim/nvim-config/.git/refs/remotes/origin/master'
2026-01-18 12:04:14.345 [info] > git rev-parse refs/remotes/origin/master [0ms]
2026-01-18 12:04:14.355 [info] > git status -z -uall [4ms]
2026-01-18 12:04:14.355 [info] > git for-each-ref --sort -committerdate --format %(refname)%00%(objectname)%00%(*objectname) [1ms]
2026-01-18 12:10:08.333 [info] > git fetch [837ms]
2026-01-18 12:10:08.342 [info] > git config --get commit.template [4ms]
2026-01-18 12:10:08.342 [info] > git for-each-ref --format=%(refname)%00%(upstream:short)%00%(objectname)%00%(upstream:track)%00%(upstream:remotename)%00%(upstream:remoteref) refs/heads/master refs/remotes/master [0ms]
2026-01-18 12:10:08.346 [warning] [Git][revParse] Unable to read file: ENOENT: no such file or directory, open '/home/aechewhy/.config/nvim/nvim-config/.git/refs/remotes/origin/master'
2026-01-18 12:10:08.347 [info] > git rev-parse refs/remotes/origin/master [1ms]
2026-01-18 12:10:08.356 [info] > git status -z -uall [5ms]
2026-01-18 12:10:08.357 [info] > git for-each-ref --sort -committerdate --format %(refname)%00%(objectname)%00%(*objectname) [2ms]
2026-01-18 12:38:03.306 [info] > git fetch [879ms]
2026-01-18 12:38:03.314 [info] > git config --get commit.template [3ms]
2026-01-18 12:38:03.315 [info] > git for-each-ref --format=%(refname)%00%(upstream:short)%00%(objectname)%00%(upstream:track)%00%(upstream:remotename)%00%(upstream:remoteref) refs/heads/master refs/remotes/master [1ms]
2026-01-18 12:38:03.318 [warning] [Git][revParse] Unable to read file: ENOENT: no such file or directory, open '/home/aechewhy/.config/nvim/nvim-config/.git/refs/remotes/origin/master'
2026-01-18 12:38:03.319 [info] > git rev-parse refs/remotes/origin/master [1ms]
2026-01-18 12:38:03.325 [info] > git status -z -uall [3ms]
2026-01-18 12:38:03.326 [info] > git for-each-ref --sort -committerdate --format %(refname)%00%(objectname)%00%(*objectname) [2ms]
2026-01-18 14:05:43.151 [info] > git fetch [895ms]
2026-01-18 14:05:43.164 [info] > git config --get commit.template [6ms]
2026-01-18 14:05:43.164 [info] > git for-each-ref --format=%(refname)%00%(upstream:short)%00%(objectname)%00%(upstream:track)%00%(upstream:remotename)%00%(upstream:remoteref) refs/heads/master refs/remotes/master [1ms]
2026-01-18 14:05:43.168 [warning] [Git][revParse] Unable to read file: ENOENT: no such file or directory, open '/home/aechewhy/.config/nvim/nvim-config/.git/refs/remotes/origin/master'
2026-01-18 14:05:43.169 [info] > git rev-parse refs/remotes/origin/master [1ms]
2026-01-18 14:05:43.181 [info] > git status -z -uall [7ms]
2026-01-18 14:05:43.182 [info] > git for-each-ref --sort -committerdate --format %(refname)%00%(objectname)%00%(*objectname) [2ms]
2026-01-18 14:11:39.404 [info] > git fetch [909ms]
2026-01-18 14:11:39.412 [info] > git config --get commit.template [0ms]
2026-01-18 14:11:39.415 [info] > git for-each-ref --format=%(refname)%00%(upstream:short)%00%(objectname)%00%(upstream:track)%00%(upstream:remotename)%00%(upstream:remoteref) refs/heads/master refs/remotes/master [1ms]
2026-01-18 14:11:39.418 [warning] [Git][revParse] Unable to read file: ENOENT: no such file or directory, open '/home/aechewhy/.config/nvim/nvim-config/.git/refs/remotes/origin/master'
2026-01-18 14:11:39.419 [info] > git rev-parse refs/remotes/origin/master [1ms]
2026-01-18 14:11:39.426 [info] > git status -z -uall [4ms]
2026-01-18 14:11:39.427 [info] > git for-each-ref --sort -committerdate --format %(refname)%00%(objectname)%00%(*objectname) [1ms]
2026-01-18 14:15:46.903 [info] > git fetch [851ms]
2026-01-18 14:15:46.912 [info] > git config --get commit.template [4ms]
2026-01-18 14:15:46.912 [info] > git for-each-ref --format=%(refname)%00%(upstream:short)%00%(objectname)%00%(upstream:track)%00%(upstream:remotename)%00%(upstream:remoteref) refs/heads/master refs/remotes/master [1ms]
2026-01-18 14:15:46.916 [warning] [Git][revParse] Unable to read file: ENOENT: no such file or directory, open '/home/aechewhy/.config/nvim/nvim-config/.git/refs/remotes/origin/master'
2026-01-18 14:15:46.917 [info] > git rev-parse refs/remotes/origin/master [1ms]
2026-01-18 14:15:46.925 [info] > git status -z -uall [5ms]
2026-01-18 14:15:46.926 [info] > git for-each-ref --sort -committerdate --format %(refname)%00%(objectname)%00%(*objectname) [1ms]
2026-01-18 14:33:19.568 [info] > git fetch [820ms]
2026-01-18 14:33:19.573 [info] > git config --get commit.template [1ms]
2026-01-18 14:33:19.578 [info] > git for-each-ref --format=%(refname)%00%(upstream:short)%00%(objectname)%00%(upstream:track)%00%(upstream:remotename)%00%(upstream:remoteref) refs/heads/master refs/remotes/master [1ms]
2026-01-18 14:33:19.581 [warning] [Git][revParse] Unable to read file: ENOENT: no such file or directory, open '/home/aechewhy/.config/nvim/nvim-config/.git/refs/remotes/origin/master'
2026-01-18 14:33:19.582 [info] > git rev-parse refs/remotes/origin/master [1ms]
2026-01-18 14:33:19.590 [info] > git status -z -uall [5ms]
2026-01-18 14:33:19.590 [info] > git for-each-ref --sort -committerdate --format %(refname)%00%(objectname)%00%(*objectname) [1ms]
