2026-01-18 20:47:48.698 [info] Reading sessions from keychain...
2026-01-18 20:47:48.698 [info] Getting sessions for all scopes...
2026-01-18 20:47:48.698 [info] Got 0 sessions for ...
2026-01-18 20:47:48.698 [info] Getting sessions for all scopes...
2026-01-18 20:47:48.698 [info] Got 0 sessions for ...
2026-01-18 20:47:48.698 [info] Getting sessions for all scopes...
2026-01-18 20:47:48.698 [info] Got 0 sessions for ...
2026-01-18 20:47:48.698 [info] Getting sessions for all scopes...
2026-01-18 20:47:48.698 [info] Got 0 sessions for ...
2026-01-18 20:47:48.698 [info] Getting sessions for all scopes...
2026-01-18 20:47:48.698 [info] Got 0 sessions for ...
2026-01-18 20:47:48.698 [info] Getting sessions for all scopes...
2026-01-18 20:47:48.698 [info] Got 0 sessions for ...
2026-01-18 20:47:48.698 [info] Getting sessions for all scopes...
2026-01-18 20:47:48.698 [info] Got 0 sessions for ...
2026-01-18 20:47:48.698 [info] Getting sessions for all scopes...
2026-01-18 20:47:48.698 [info] Got 0 sessions for ...
2026-01-18 20:47:48.698 [info] Getting sessions for all scopes...
2026-01-18 20:47:48.698 [info] Got 0 sessions for ...
2026-01-18 20:47:48.698 [info] Getting sessions for all scopes...
2026-01-18 20:47:48.698 [info] Got 0 sessions for ...
2026-01-18 20:47:48.698 [info] Getting sessions for all scopes...
2026-01-18 20:47:48.698 [info] Got 0 sessions for ...
2026-01-18 20:47:48.698 [info] Getting sessions for all scopes...
2026-01-18 20:47:48.698 [info] Got 0 sessions for ...
2026-01-18 20:47:48.698 [info] Getting sessions for all scopes...
2026-01-18 20:47:48.698 [info] Got 0 sessions for ...
2026-01-18 20:47:48.698 [info] Getting sessions for all scopes...
2026-01-18 20:47:48.698 [info] Got 0 sessions for ...
2026-01-18 20:47:48.698 [info] Getting sessions for all scopes...
2026-01-18 20:47:48.698 [info] Got 0 sessions for ...
2026-01-18 20:47:48.698 [info] Getting sessions for all scopes...
2026-01-18 20:47:48.698 [info] Got 0 sessions for ...
2026-01-18 20:47:48.861 [info] Getting sessions for all scopes...
2026-01-18 20:47:48.861 [info] Got 0 sessions for ...
2026-01-18 20:47:48.896 [info] Getting sessions for all scopes...
2026-01-18 20:47:48.896 [info] Got 0 sessions for ...
2026-01-18 20:47:48.986 [info] Getting sessions for all scopes...
2026-01-18 20:47:48.986 [info] Got 0 sessions for ...
2026-01-18 20:47:50.340 [info] Getting sessions for project,read:org,read:user,repo,user:email,workflow...
2026-01-18 20:47:50.340 [info] Got 0 sessions for project,read:org,read:user,repo,user:email,workflow...
2026-01-18 20:47:50.423 [info] Getting sessions for read:user,repo,user:email,workflow...
2026-01-18 20:47:50.423 [info] Got 0 sessions for read:user,repo,user:email,workflow...
2026-01-18 20:47:50.435 [info] Getting sessions for read:user,repo,user:email...
2026-01-18 20:47:50.435 [info] Got 0 sessions for read:user,repo,user:email...
2026-01-18 20:47:50.435 [info] Getting sessions for read:user,repo,user:email,workflow...
2026-01-18 20:47:50.435 [info] Got 0 sessions for read:user,repo,user:email,workflow...
2026-01-18 20:47:50.436 [info] Getting sessions for read:user,repo,user:email,workflow...
2026-01-18 20:47:50.436 [info] Got 0 sessions for read:user,repo,user:email,workflow...
2026-01-18 20:47:50.575 [info] Getting sessions for all scopes...
2026-01-18 20:47:50.575 [info] Got 0 sessions for ...
2026-01-18 20:47:50.610 [info] Getting sessions for all scopes...
2026-01-18 20:47:50.610 [info] Got 0 sessions for ...
2026-01-18 20:47:50.614 [info] Getting sessions for all scopes...
2026-01-18 20:47:50.614 [info] Got 0 sessions for ...
