2026-01-18 00:25:21.055 [info] [main] Log level: Info
2026-01-18 00:25:21.055 [info] [main] Validating found git in: "git"
2026-01-18 00:25:21.055 [info] [main] Using git "2.52.0" from "git"
2026-01-18 00:25:21.055 [info] [Model][doInitialScan] Initial repository scan started
2026-01-18 00:25:21.055 [info] > git rev-parse --show-toplevel [2ms]
2026-01-18 00:25:21.055 [info] fatal: not a git repository (or any parent up to mount point /)
Stopping at filesystem boundary (GIT_DISCOVERY_ACROSS_FILESYSTEM not set).
2026-01-18 00:25:21.055 [info] > git rev-parse --show-toplevel [11ms]
2026-01-18 00:25:21.055 [info] fatal: not a git repository (or any parent up to mount point /)
Stopping at filesystem boundary (GIT_DISCOVERY_ACROSS_FILESYSTEM not set).
2026-01-18 00:25:21.055 [info] > git rev-parse --show-toplevel [1ms]
2026-01-18 00:25:21.055 [info] fatal: not a git repository (or any parent up to mount point /)
Stopping at filesystem boundary (GIT_DISCOVERY_ACROSS_FILESYSTEM not set).
2026-01-18 00:25:21.055 [info] [Model][doInitialScan] Initial repository scan completed - repositories (0), closed repositories (0), parent repositories (0), unsafe repositories (0)
2026-01-18 00:25:21.697 [info] > git rev-parse --show-toplevel [2ms]
2026-01-18 00:25:21.697 [info] fatal: not a git repository (or any parent up to mount point /)
Stopping at filesystem boundary (GIT_DISCOVERY_ACROSS_FILESYSTEM not set).
2026-01-18 00:25:21.821 [info] > git rev-parse --show-toplevel [1ms]
2026-01-18 00:25:21.821 [info] fatal: not a git repository (or any parent up to mount point /)
Stopping at filesystem boundary (GIT_DISCOVERY_ACROSS_FILESYSTEM not set).
2026-01-18 00:26:36.787 [info] [main] Log level: Info
2026-01-18 00:26:36.787 [info] [main] Validating found git in: "git"
2026-01-18 00:26:36.787 [info] [main] Using git "2.52.0" from "git"
2026-01-18 00:26:36.787 [info] [Model][doInitialScan] Initial repository scan started
2026-01-18 00:26:36.787 [info] > git rev-parse --show-toplevel [7ms]
2026-01-18 00:26:36.787 [info] fatal: not a git repository (or any parent up to mount point /)
Stopping at filesystem boundary (GIT_DISCOVERY_ACROSS_FILESYSTEM not set).
2026-01-18 00:26:36.793 [info] > git rev-parse --show-toplevel [1ms]
2026-01-18 00:26:36.793 [info] fatal: not a git repository (or any parent up to mount point /)
Stopping at filesystem boundary (GIT_DISCOVERY_ACROSS_FILESYSTEM not set).
2026-01-18 00:26:36.798 [info] > git rev-parse --show-toplevel [1ms]
2026-01-18 00:26:36.798 [info] fatal: not a git repository (or any parent up to mount point /)
Stopping at filesystem boundary (GIT_DISCOVERY_ACROSS_FILESYSTEM not set).
2026-01-18 00:26:36.800 [info] [Model][doInitialScan] Initial repository scan completed - repositories (0), closed repositories (0), parent repositories (0), unsafe repositories (0)
2026-01-18 00:26:37.444 [info] > git rev-parse --show-toplevel [1ms]
2026-01-18 00:26:37.444 [info] fatal: not a git repository (or any parent up to mount point /)
Stopping at filesystem boundary (GIT_DISCOVERY_ACROSS_FILESYSTEM not set).
2026-01-18 00:26:38.260 [info] > git rev-parse --show-toplevel [1ms]
2026-01-18 00:26:38.260 [info] fatal: not a git repository (or any parent up to mount point /)
Stopping at filesystem boundary (GIT_DISCOVERY_ACROSS_FILESYSTEM not set).
2026-01-18 00:28:30.947 [info] > git rev-parse --show-toplevel [2ms]
2026-01-18 00:28:30.947 [info] fatal: not a git repository (or any parent up to mount point /)
Stopping at filesystem boundary (GIT_DISCOVERY_ACROSS_FILESYSTEM not set).
2026-01-18 00:29:55.884 [info] > git rev-parse --show-toplevel [1ms]
2026-01-18 00:29:55.884 [info] fatal: not a git repository (or any parent up to mount point /)
Stopping at filesystem boundary (GIT_DISCOVERY_ACROSS_FILESYSTEM not set).
2026-01-18 00:33:21.812 [info] > git rev-parse --show-toplevel [2ms]
2026-01-18 00:33:21.812 [info] fatal: not a git repository (or any parent up to mount point /)
Stopping at filesystem boundary (GIT_DISCOVERY_ACROSS_FILESYSTEM not set).
2026-01-18 00:33:27.443 [info] > git rev-parse --show-toplevel [3ms]
2026-01-18 00:33:27.443 [info] fatal: not a git repository (or any parent up to mount point /)
Stopping at filesystem boundary (GIT_DISCOVERY_ACROSS_FILESYSTEM not set).
2026-01-18 00:35:00.715 [info] > git rev-parse --show-toplevel [1ms]
2026-01-18 00:35:00.716 [info] fatal: not a git repository (or any parent up to mount point /)
Stopping at filesystem boundary (GIT_DISCOVERY_ACROSS_FILESYSTEM not set).
2026-01-18 00:35:01.505 [info] > git rev-parse --show-toplevel [1ms]
2026-01-18 00:35:01.505 [info] fatal: not a git repository (or any parent up to mount point /)
Stopping at filesystem boundary (GIT_DISCOVERY_ACROSS_FILESYSTEM not set).
2026-01-18 00:47:22.562 [info] > git rev-parse --show-toplevel [2ms]
2026-01-18 00:47:22.562 [info] fatal: not a git repository (or any parent up to mount point /)
Stopping at filesystem boundary (GIT_DISCOVERY_ACROSS_FILESYSTEM not set).
