2026-01-18 10:21:06.603 [warning] /home/aechewhy/.ssh/config: ENOENT: no such file or directory, open '/home/aechewhy/.ssh/config'
2026-01-18 10:21:06.603 [info] [Activation] Extension version: 0.126.0
2026-01-18 10:21:06.685 [info] [Activation] Registering built in git provider.
2026-01-18 10:21:06.685 [info] [Activation] Looking for git repository
2026-01-18 10:21:06.685 [info] [Activation] Found 0 repositories during activation
2026-01-18 10:21:06.685 [info] [Activation] Git repository found, initializing review manager and pr tree view.
2026-01-18 10:21:06.685 [info] [GitAPI] Registering git provider
2026-01-18 10:21:06.706 [info] [GitPostCommitCommands] Trying to register post commit commands.
2026-01-18 10:33:57.950 [info] [GitAPI] Repository file:///home/aechewhy/.config/nvim/nvim-config has been opened
2026-01-18 10:33:57.950 [info] [Review+0] Validate state in progress
2026-01-18 10:33:57.950 [info] [Review+0] Validating state...
2026-01-18 10:33:57.951 [warning] No remotes found. The following remotes are missing: origin, upstream
2026-01-18 10:33:57.951 [info] [FolderRepositoryManager+0] No GitHub remotes found for folder /home/aechewhy/.config/nvim/nvim-config
2026-01-18 10:33:57.952 [info] [FolderRepositoryManager+0] Trying to use globalState for assignableUsers.
2026-01-18 10:33:57.952 [info] [GitPostCommitCommands] Trying to register post commit commands.
2026-01-18 10:33:57.982 [info] [Review+0] Queuing additional validate state
2026-01-18 10:33:57.982 [info] [Activation] Repo state for file:///home/aechewhy/.config/nvim/nvim-config changed.
2026-01-18 10:33:57.982 [info] [Activation] Repo file:///home/aechewhy/.config/nvim/nvim-config has already been setup.
2026-01-18 10:33:58.018 [info] [FolderRepositoryManager+0] GlobalState does not exist for assignableUsers.
2026-01-18 10:33:58.065 [info] [Review+0] Validating state...
2026-01-18 10:33:58.085 [info] [FolderRepositoryManager+0] Found GitHub remote for folder /home/aechewhy/.config/nvim/nvim-config
2026-01-18 10:33:58.086 [info] [FolderRepositoryManager+0] Using in-memory cached assignable users.
2026-01-18 10:33:58.091 [info] [Review+0] No matching pull request metadata found locally for current branch master
2026-01-18 10:33:58.091 [info] [Review+0] No matching pull request metadata found on GitHub for current branch master
