2026-01-18 00:25:21.557 [error] j,j missing 'after' key or 'commands'.
2026-01-18 00:25:21.689 [info] Configuration changed
2026-01-18 00:25:21.691 [error] j,j missing 'after' key or 'commands'.
2026-01-18 00:25:21.814 [info] Configuration changed
2026-01-18 00:25:21.815 [error] j,j missing 'after' key or 'commands'.
2026-01-18 00:26:37.297 [error] j,j missing 'after' key or 'commands'.
2026-01-18 00:26:37.438 [info] Configuration changed
2026-01-18 00:26:37.439 [error] j,j missing 'after' key or 'commands'.
2026-01-18 00:26:38.253 [info] Active editor: file:///home/aechewhy/.config/yazi/theme.toml
2026-01-18 00:27:02.442 [info] Active editor: vscode-userdata:/home/aechewhy/.config/Code/User/settings.json
2026-01-18 00:27:23.189 [info] Searching for glass
2026-01-18 00:27:48.606 [info] Active editor: vscode-userdata:/home/aechewhy/.config/Code/User/settings.json
2026-01-18 00:28:24.126 [info] Active editor: vscode-userdata:/home/aechewhy/.config/Code/User/settings.json
2026-01-18 00:28:30.530 [info] Executing :w
2026-01-18 00:28:30.940 [info] Configuration changed
2026-01-18 00:28:30.941 [error] j,j missing 'after' key or 'commands'.
2026-01-18 00:29:52.380 [info] Active editor: vscode-userdata:/home/aechewhy/.config/Code/User/settings.json
2026-01-18 00:29:55.877 [info] Active editor: file:///home/aechewhy/.config/yazi/theme.toml
2026-01-18 00:29:56.570 [info] /home/aechewhy/.config/Code/User/settings.json closed
2026-01-18 00:30:21.452 [info] Executing :w
2026-01-18 00:33:21.805 [info] Active editor: file:///home/aechewhy/.config/yazi/yazi.toml
2026-01-18 00:33:27.436 [info] Active editor: file:///home/aechewhy/.config/yazi/keymap.toml
2026-01-18 00:34:04.806 [info] Searching for hidden
2026-01-18 00:34:28.566 [info] Executing :w
2026-01-18 00:35:00.709 [info] Active editor: file:///home/aechewhy/.config/yazi/yazi.toml
2026-01-18 00:35:01.501 [info] Active editor: file:///home/aechewhy/.config/yazi/init.lua
2026-01-18 00:47:22.553 [info] Configuration changed
2026-01-18 00:47:22.555 [error] j,j missing 'after' key or 'commands'.
