2026-01-18 00:49:45.695 [info] [main] Log level: Info
2026-01-18 00:49:45.695 [info] [main] Validating found git in: "git"
2026-01-18 00:49:45.695 [info] [main] Using git "2.52.0" from "git"
2026-01-18 00:49:45.695 [info] [Model][doInitialScan] Initial repository scan started
2026-01-18 00:49:45.695 [info] > git rev-parse --show-toplevel [6ms]
2026-01-18 00:49:45.695 [info] fatal: not a git repository (or any parent up to mount point /)
Stopping at filesystem boundary (GIT_DISCOVERY_ACROSS_FILESYSTEM not set).
2026-01-18 00:49:45.695 [info] > git rev-parse --show-toplevel [1ms]
2026-01-18 00:49:45.695 [info] fatal: not a git repository (or any parent up to mount point /)
Stopping at filesystem boundary (GIT_DISCOVERY_ACROSS_FILESYSTEM not set).
2026-01-18 00:49:45.695 [info] > git rev-parse --show-toplevel [2ms]
2026-01-18 00:49:45.695 [info] fatal: not a git repository (or any parent up to mount point /)
Stopping at filesystem boundary (GIT_DISCOVERY_ACROSS_FILESYSTEM not set).
2026-01-18 00:49:45.695 [info] > git rev-parse --show-toplevel [1ms]
2026-01-18 00:49:45.695 [info] fatal: not a git repository (or any parent up to mount point /)
Stopping at filesystem boundary (GIT_DISCOVERY_ACROSS_FILESYSTEM not set).
2026-01-18 00:49:45.695 [info] [Model][doInitialScan] Initial repository scan completed - repositories (0), closed repositories (0), parent repositories (0), unsafe repositories (0)
2026-01-18 00:49:46.285 [info] > git rev-parse --show-toplevel [1ms]
2026-01-18 00:49:46.285 [info] fatal: not a git repository (or any parent up to mount point /)
Stopping at filesystem boundary (GIT_DISCOVERY_ACROSS_FILESYSTEM not set).
2026-01-18 00:49:46.583 [info] > git rev-parse --show-toplevel [1ms]
2026-01-18 00:49:46.583 [info] fatal: not a git repository (or any parent up to mount point /)
Stopping at filesystem boundary (GIT_DISCOVERY_ACROSS_FILESYSTEM not set).
