2026-01-18 20:47:49.833 [info] [main] Log level: Info
2026-01-18 20:47:49.833 [info] [main] Validating found git in: "git"
2026-01-18 20:47:49.833 [info] [main] Using git "2.52.0" from "git"
2026-01-18 20:47:49.833 [info] [Model][doInitialScan] Initial repository scan started
2026-01-18 20:47:49.833 [info] > git rev-parse --show-toplevel [5ms]
2026-01-18 20:47:49.833 [info] > git rev-parse --path-format=relative --show-toplevel [3ms]
2026-01-18 20:47:49.833 [info] > git rev-parse --git-dir --git-common-dir --show-superproject-working-tree [1ms]
2026-01-18 20:47:49.833 [info] fatal: not a git repository (or any parent up to mount point /)
Stopping at filesystem boundary (GIT_DISCOVERY_ACROSS_FILESYSTEM not set).
2026-01-18 20:47:49.833 [info] > git rev-parse --show-toplevel [1ms]
2026-01-18 20:47:49.833 [info] > git rev-parse --path-format=relative --show-toplevel [1ms]
2026-01-18 20:47:49.833 [info] > git rev-parse --git-dir --git-common-dir --show-superproject-working-tree [1ms]
2026-01-18 20:47:49.833 [info] fatal: not a git repository (or any parent up to mount point /)
Stopping at filesystem boundary (GIT_DISCOVERY_ACROSS_FILESYSTEM not set).
2026-01-18 20:47:49.833 [info] > git rev-parse --show-toplevel [0ms]
2026-01-18 20:47:49.833 [info] > git rev-parse --path-format=relative --show-toplevel [0ms]
2026-01-18 20:47:49.833 [info] > git rev-parse --git-dir --git-common-dir --show-superproject-working-tree [2ms]
2026-01-18 20:47:49.833 [info] [Model][openRepository] Opened repository (path): /home/aechewhy/.config/nvim/nvim-config
2026-01-18 20:47:49.833 [info] [Model][openRepository] Opened repository (real path): /home/aechewhy/.dotfiles/.config/nvim/nvim-config
2026-01-18 20:47:49.833 [info] [Model][openRepository] Opened repository (kind): repository
2026-01-18 20:47:49.833 [info] [Model][doInitialScan] Initial repository scan completed - repositories (1), closed repositories (0), parent repositories (0), unsafe repositories (0)
2026-01-18 20:47:49.834 [info] > git config --get commit.template [20ms]
2026-01-18 20:47:49.968 [info] > git for-each-ref --format=%(refname)%00%(upstream:short)%00%(objectname)%00%(upstream:track)%00%(upstream:remotename)%00%(upstream:remoteref) refs/heads/master refs/remotes/master [135ms]
2026-01-18 20:47:50.211 [warning] [Git][revParse] Unable to read file: ENOENT: no such file or directory, open '/home/aechewhy/.config/nvim/nvim-config/.git/refs/remotes/origin/master'
2026-01-18 20:47:50.289 [info] > git rev-parse refs/remotes/origin/master [78ms]
2026-01-18 20:47:50.303 [info] > git status -z -uall [10ms]
2026-01-18 20:47:50.303 [info] > git for-each-ref --sort -committerdate --format %(refname)%00%(objectname)%00%(*objectname) [5ms]
2026-01-18 20:47:50.336 [info] > git check-ignore -v -z --stdin [16ms]
2026-01-18 20:47:50.336 [info] > git for-each-ref --format=%(refname)%00%(upstream:short)%00%(objectname)%00%(upstream:track)%00%(upstream:remotename)%00%(upstream:remoteref) refs/heads/master refs/remotes/master [21ms]
2026-01-18 20:47:50.344 [info] > git config --get --local branch.master.vscode-merge-base [5ms]
2026-01-18 20:47:50.348 [info] > git config --get commit.template [21ms]
2026-01-18 20:47:50.357 [info] > git for-each-ref --format=%(refname)%00%(upstream:short)%00%(objectname)%00%(upstream:track)%00%(upstream:remotename)%00%(upstream:remoteref) refs/heads/origin/master refs/remotes/origin/master [10ms]
2026-01-18 20:47:50.369 [info] > git merge-base refs/heads/master refs/remotes/origin/master [6ms]
2026-01-18 20:47:50.385 [info] > git for-each-ref --format=%(refname)%00%(upstream:short)%00%(objectname)%00%(upstream:track)%00%(upstream:remotename)%00%(upstream:remoteref) refs/heads/master refs/remotes/master [17ms]
2026-01-18 20:47:50.418 [warning] [Git][revParse] Unable to read file: ENOENT: no such file or directory, open '/home/aechewhy/.config/nvim/nvim-config/.git/refs/remotes/origin/master'
2026-01-18 20:47:50.422 [info] > git diff --raw --numstat --diff-filter=ADMR -z --find-renames=50% 9277d114fc0131d5364f06101c52c54a432f6ee5...refs/remotes/origin/master -- [49ms]
2026-01-18 20:47:50.424 [info] > git rev-parse refs/remotes/origin/master [6ms]
2026-01-18 20:47:50.431 [info] > git status -z -uall [4ms]
2026-01-18 20:47:50.432 [info] > git for-each-ref --sort -committerdate --format %(refname)%00%(objectname)%00%(*objectname) [1ms]
2026-01-18 20:47:50.478 [info] > git config --local -l [4ms]
2026-01-18 20:47:50.479 [info] > git config --local -l [8ms]
2026-01-18 20:47:50.479 [info] > git config --local -l [12ms]
2026-01-18 20:47:50.479 [info] > git config --local -l [15ms]
2026-01-18 20:47:50.479 [info] > git config --local -l [26ms]
2026-01-18 20:47:50.491 [info] > git rev-parse --show-toplevel [1ms]
2026-01-18 20:47:50.498 [info] > git rev-parse --path-format=relative --show-toplevel [4ms]
2026-01-18 20:47:50.504 [info] > git rev-parse --git-dir --git-common-dir --show-superproject-working-tree [1ms]
2026-01-18 20:47:50.504 [info] fatal: not a git repository (or any parent up to mount point /)
Stopping at filesystem boundary (GIT_DISCOVERY_ACROSS_FILESYSTEM not set).
2026-01-18 20:47:50.525 [info] > git config --local -l [2ms]
2026-01-18 20:47:50.526 [info] > git config --local -l [7ms]
2026-01-18 20:47:50.526 [info] > git config --local -l [10ms]
2026-01-18 20:47:50.526 [info] > git config --local -l [13ms]
2026-01-18 20:47:50.526 [info] > git config --local -l [16ms]
2026-01-18 20:47:50.557 [info] > git rev-parse --show-toplevel [1ms]
2026-01-18 20:47:50.562 [info] > git rev-parse --path-format=relative --show-toplevel [1ms]
2026-01-18 20:47:50.567 [info] > git rev-parse --git-dir --git-common-dir --show-superproject-working-tree [1ms]
2026-01-18 20:47:50.567 [info] fatal: not a git repository (or any parent up to mount point /)
Stopping at filesystem boundary (GIT_DISCOVERY_ACROSS_FILESYSTEM not set).
