2026-01-18 00:47:23.749 [info] Reading sessions from keychain...
2026-01-18 00:47:23.749 [info] Getting sessions for all scopes...
2026-01-18 00:47:23.749 [info] Got 0 sessions for ...
2026-01-18 00:47:23.749 [info] Getting sessions for all scopes...
2026-01-18 00:47:23.749 [info] Got 0 sessions for ...
2026-01-18 00:47:23.749 [info] Getting sessions for all scopes...
2026-01-18 00:47:23.749 [info] Got 0 sessions for ...
2026-01-18 00:47:23.749 [info] Getting sessions for all scopes...
2026-01-18 00:47:23.749 [info] Got 0 sessions for ...
2026-01-18 00:47:23.749 [info] Getting sessions for all scopes...
2026-01-18 00:47:23.749 [info] Got 0 sessions for ...
2026-01-18 00:47:23.749 [info] Getting sessions for all scopes...
2026-01-18 00:47:23.749 [info] Got 0 sessions for ...
2026-01-18 00:47:23.749 [info] Getting sessions for all scopes...
2026-01-18 00:47:23.749 [info] Got 0 sessions for ...
2026-01-18 00:47:23.755 [info] Getting sessions for all scopes...
2026-01-18 00:47:23.755 [info] Got 0 sessions for ...
2026-01-18 00:47:23.755 [info] Getting sessions for all scopes...
2026-01-18 00:47:23.755 [info] Got 0 sessions for ...
2026-01-18 00:47:23.755 [info] Getting sessions for all scopes...
2026-01-18 00:47:23.755 [info] Got 0 sessions for ...
2026-01-18 00:47:23.755 [info] Getting sessions for all scopes...
2026-01-18 00:47:23.755 [info] Got 0 sessions for ...
2026-01-18 00:47:23.756 [info] Getting sessions for all scopes...
2026-01-18 00:47:23.756 [info] Got 0 sessions for ...
2026-01-18 00:47:23.756 [info] Getting sessions for all scopes...
2026-01-18 00:47:23.756 [info] Got 0 sessions for ...
2026-01-18 00:47:23.810 [info] Getting sessions for all scopes...
2026-01-18 00:47:23.810 [info] Got 0 sessions for ...
2026-01-18 00:47:23.812 [info] Getting sessions for all scopes...
2026-01-18 00:47:23.812 [info] Got 0 sessions for ...
2026-01-18 00:47:24.013 [info] Getting sessions for all scopes...
2026-01-18 00:47:24.013 [info] Got 0 sessions for ...
2026-01-18 00:47:24.099 [info] Getting sessions for all scopes...
2026-01-18 00:47:24.099 [info] Got 0 sessions for ...
2026-01-18 00:47:25.259 [info] Getting sessions for all scopes...
2026-01-18 00:47:25.259 [info] Got 0 sessions for ...
2026-01-18 00:47:25.290 [info] Getting sessions for all scopes...
2026-01-18 00:47:25.290 [info] Got 0 sessions for ...
2026-01-18 00:47:25.328 [info] Getting sessions for project,read:org,read:user,repo,user:email,workflow...
2026-01-18 00:47:25.328 [info] Got 0 sessions for project,read:org,read:user,repo,user:email,workflow...
2026-01-18 00:47:25.388 [info] Getting sessions for read:user,repo,user:email,workflow...
2026-01-18 00:47:25.388 [info] Got 0 sessions for read:user,repo,user:email,workflow...
2026-01-18 00:47:25.389 [info] Getting sessions for read:user,repo,user:email...
2026-01-18 00:47:25.389 [info] Got 0 sessions for read:user,repo,user:email...
2026-01-18 00:47:25.390 [info] Getting sessions for read:user,repo,user:email,workflow...
2026-01-18 00:47:25.390 [info] Got 0 sessions for read:user,repo,user:email,workflow...
2026-01-18 00:47:25.463 [info] Getting sessions for all scopes...
2026-01-18 00:47:25.463 [info] Got 0 sessions for ...
2026-01-18 00:47:25.528 [info] Getting sessions for all scopes...
2026-01-18 00:47:25.528 [info] Got 0 sessions for ...
2026-01-18 00:47:25.563 [info] Getting sessions for all scopes...
2026-01-18 00:47:25.563 [info] Got 0 sessions for ...
2026-01-18 00:47:25.776 [info] Getting sessions for all scopes...
2026-01-18 00:47:25.776 [info] Got 0 sessions for ...
2026-01-18 00:47:25.817 [info] Getting sessions for all scopes...
2026-01-18 00:47:25.817 [info] Got 0 sessions for ...
2026-01-18 00:47:25.868 [info] Getting sessions for all scopes...
2026-01-18 00:47:25.868 [info] Got 0 sessions for ...
2026-01-18 00:47:26.838 [info] Getting sessions for all scopes...
2026-01-18 00:47:26.838 [info] Got 0 sessions for ...
2026-01-18 00:47:35.873 [info] Getting sessions for all scopes...
2026-01-18 00:47:35.873 [info] Got 0 sessions for ...
2026-01-18 00:47:40.693 [info] Getting sessions for all scopes...
2026-01-18 00:47:40.693 [info] Got 0 sessions for ...
