2026-01-17 21:55:34.226 [info] Reading sessions from keychain...
2026-01-17 21:55:34.226 [info] Getting sessions for all scopes...
2026-01-17 21:55:34.226 [info] Got 0 sessions for ...
2026-01-17 21:55:34.226 [info] Getting sessions for all scopes...
2026-01-17 21:55:34.226 [info] Got 0 sessions for ...
2026-01-17 21:55:34.226 [info] Getting sessions for all scopes...
2026-01-17 21:55:34.226 [info] Got 0 sessions for ...
2026-01-17 21:55:34.226 [info] Getting sessions for all scopes...
2026-01-17 21:55:34.226 [info] Got 0 sessions for ...
2026-01-17 21:55:34.226 [info] Getting sessions for all scopes...
2026-01-17 21:55:34.226 [info] Got 0 sessions for ...
2026-01-17 21:55:34.226 [info] Getting sessions for all scopes...
2026-01-17 21:55:34.226 [info] Got 0 sessions for ...
2026-01-17 21:55:34.226 [info] Getting sessions for all scopes...
2026-01-17 21:55:34.226 [info] Got 0 sessions for ...
2026-01-17 21:55:34.256 [info] Getting sessions for all scopes...
2026-01-17 21:55:34.256 [info] Got 0 sessions for ...
2026-01-17 21:55:34.256 [info] Getting sessions for all scopes...
2026-01-17 21:55:34.256 [info] Got 0 sessions for ...
2026-01-17 21:55:34.256 [info] Getting sessions for all scopes...
2026-01-17 21:55:34.256 [info] Got 0 sessions for ...
2026-01-17 21:55:34.256 [info] Getting sessions for all scopes...
2026-01-17 21:55:34.256 [info] Got 0 sessions for ...
2026-01-17 21:55:34.257 [info] Getting sessions for all scopes...
2026-01-17 21:55:34.257 [info] Got 0 sessions for ...
2026-01-17 21:55:34.257 [info] Getting sessions for all scopes...
2026-01-17 21:55:34.257 [info] Got 0 sessions for ...
2026-01-17 21:55:34.329 [info] Getting sessions for all scopes...
2026-01-17 21:55:34.329 [info] Got 0 sessions for ...
2026-01-17 21:55:34.339 [info] Getting sessions for all scopes...
2026-01-17 21:55:34.339 [info] Got 0 sessions for ...
2026-01-17 21:55:35.787 [info] Getting sessions for project,read:org,read:user,repo,user:email,workflow...
2026-01-17 21:55:35.787 [info] Got 0 sessions for project,read:org,read:user,repo,user:email,workflow...
2026-01-17 21:55:35.821 [info] Getting sessions for read:user,repo,user:email,workflow...
2026-01-17 21:55:35.821 [info] Got 0 sessions for read:user,repo,user:email,workflow...
2026-01-17 21:55:35.828 [info] Getting sessions for read:user,repo,user:email...
2026-01-17 21:55:35.828 [info] Got 0 sessions for read:user,repo,user:email...
2026-01-17 21:55:35.832 [info] Getting sessions for read:user,repo,user:email,workflow...
2026-01-17 21:55:35.832 [info] Got 0 sessions for read:user,repo,user:email,workflow...
2026-01-17 21:55:36.357 [info] Getting sessions for all scopes...
2026-01-17 21:55:36.357 [info] Got 0 sessions for ...
2026-01-17 21:57:04.926 [info] Getting sessions for all scopes...
2026-01-17 21:57:04.926 [info] Got 0 sessions for ...
2026-01-17 21:57:42.703 [info] Getting sessions for all scopes...
2026-01-17 21:57:42.703 [info] Got 0 sessions for ...
2026-01-18 00:25:14.301 [info] Getting sessions for all scopes...
2026-01-18 00:25:14.302 [info] Got 0 sessions for ...
2026-01-18 00:25:16.081 [info] Getting sessions for all scopes...
2026-01-18 00:25:16.081 [info] Got 0 sessions for ...
