2026-01-18 00:55:03.015 [info] Reading sessions from keychain...
2026-01-18 00:55:03.015 [info] Getting sessions for all scopes...
2026-01-18 00:55:03.031 [info] Got 0 sessions for ...
2026-01-18 00:55:03.031 [info] Getting sessions for all scopes...
2026-01-18 00:55:03.031 [info] Got 0 sessions for ...
2026-01-18 00:55:03.031 [info] Getting sessions for all scopes...
2026-01-18 00:55:03.031 [info] Got 0 sessions for ...
2026-01-18 00:55:03.031 [info] Getting sessions for all scopes...
2026-01-18 00:55:03.031 [info] Got 0 sessions for ...
2026-01-18 00:55:03.031 [info] Getting sessions for all scopes...
2026-01-18 00:55:03.031 [info] Got 0 sessions for ...
2026-01-18 00:55:03.031 [info] Getting sessions for all scopes...
2026-01-18 00:55:03.031 [info] Got 0 sessions for ...
2026-01-18 00:55:03.031 [info] Getting sessions for all scopes...
2026-01-18 00:55:03.031 [info] Got 0 sessions for ...
2026-01-18 00:55:03.042 [info] Getting sessions for all scopes...
2026-01-18 00:55:03.042 [info] Got 0 sessions for ...
2026-01-18 00:55:03.042 [info] Getting sessions for all scopes...
2026-01-18 00:55:03.042 [info] Got 0 sessions for ...
2026-01-18 00:55:03.042 [info] Getting sessions for all scopes...
2026-01-18 00:55:03.043 [info] Got 0 sessions for ...
2026-01-18 00:55:03.043 [info] Getting sessions for all scopes...
2026-01-18 00:55:03.043 [info] Got 0 sessions for ...
2026-01-18 00:55:03.043 [info] Getting sessions for all scopes...
2026-01-18 00:55:03.043 [info] Got 0 sessions for ...
2026-01-18 00:55:03.043 [info] Getting sessions for all scopes...
2026-01-18 00:55:03.043 [info] Got 0 sessions for ...
2026-01-18 00:55:03.140 [info] Getting sessions for all scopes...
2026-01-18 00:55:03.140 [info] Got 0 sessions for ...
2026-01-18 00:55:03.150 [info] Getting sessions for all scopes...
2026-01-18 00:55:03.151 [info] Got 0 sessions for ...
2026-01-18 00:55:03.240 [info] Getting sessions for all scopes...
2026-01-18 00:55:03.240 [info] Got 0 sessions for ...
2026-01-18 00:55:03.405 [info] Getting sessions for all scopes...
2026-01-18 00:55:03.405 [info] Got 0 sessions for ...
2026-01-18 00:55:03.438 [info] Getting sessions for all scopes...
2026-01-18 00:55:03.438 [info] Got 0 sessions for ...
2026-01-18 00:55:03.596 [info] Getting sessions for all scopes...
2026-01-18 00:55:03.596 [info] Got 0 sessions for ...
2026-01-18 00:55:04.054 [info] Getting sessions for all scopes...
2026-01-18 00:55:04.054 [info] Got 0 sessions for ...
2026-01-18 00:55:04.517 [info] Getting sessions for project,read:org,read:user,repo,user:email,workflow...
2026-01-18 00:55:04.517 [info] Got 0 sessions for project,read:org,read:user,repo,user:email,workflow...
2026-01-18 00:55:04.542 [info] Getting sessions for read:user,repo,user:email,workflow...
2026-01-18 00:55:04.542 [info] Got 0 sessions for read:user,repo,user:email,workflow...
2026-01-18 00:55:04.544 [info] Getting sessions for read:user,repo,user:email...
2026-01-18 00:55:04.544 [info] Got 0 sessions for read:user,repo,user:email...
2026-01-18 00:55:04.544 [info] Getting sessions for read:user,repo,user:email,workflow...
2026-01-18 00:55:04.544 [info] Got 0 sessions for read:user,repo,user:email,workflow...
2026-01-18 00:55:04.677 [info] Getting sessions for all scopes...
2026-01-18 00:55:04.677 [info] Got 0 sessions for ...
2026-01-18 00:55:04.720 [info] Getting sessions for all scopes...
2026-01-18 00:55:04.720 [info] Got 0 sessions for ...
2026-01-18 00:55:05.030 [info] Getting sessions for all scopes...
2026-01-18 00:55:05.030 [info] Got 0 sessions for ...
2026-01-18 00:55:05.127 [info] Getting sessions for all scopes...
2026-01-18 00:55:05.127 [info] Got 0 sessions for ...
2026-01-18 00:55:05.134 [info] Getting sessions for all scopes...
2026-01-18 00:55:05.134 [info] Got 0 sessions for ...
2026-01-18 00:55:05.794 [info] Getting sessions for all scopes...
2026-01-18 00:55:05.794 [info] Got 0 sessions for ...
2026-01-18 00:55:05.839 [info] Getting sessions for all scopes...
2026-01-18 00:55:05.839 [info] Got 0 sessions for ...
2026-01-18 00:55:06.027 [info] Getting sessions for all scopes...
2026-01-18 00:55:06.027 [info] Got 0 sessions for ...
2026-01-18 00:55:06.758 [info] Getting sessions for all scopes...
2026-01-18 00:55:06.758 [info] Got 0 sessions for ...
2026-01-18 00:55:08.076 [info] Getting sessions for all scopes...
2026-01-18 00:55:08.076 [info] Got 0 sessions for ...
2026-01-18 00:55:08.182 [info] Getting sessions for all scopes...
2026-01-18 00:55:08.182 [info] Got 0 sessions for ...
2026-01-18 00:55:18.550 [info] Getting sessions for all scopes...
2026-01-18 00:55:18.550 [info] Got 0 sessions for ...
2026-01-18 00:55:21.903 [info] Getting sessions for all scopes...
2026-01-18 00:55:21.903 [info] Got 0 sessions for ...
2026-01-18 00:55:22.960 [info] Getting sessions for all scopes...
2026-01-18 00:55:22.960 [info] Got 0 sessions for ...
2026-01-18 00:55:23.083 [info] Getting sessions for all scopes...
2026-01-18 00:55:23.083 [info] Got 0 sessions for ...
2026-01-18 00:55:23.377 [info] Getting sessions for all scopes...
2026-01-18 00:55:23.377 [info] Got 0 sessions for ...
2026-01-18 00:55:23.880 [info] Getting sessions for all scopes...
2026-01-18 00:55:23.880 [info] Got 0 sessions for ...
2026-01-18 00:55:24.360 [info] Getting sessions for all scopes...
2026-01-18 00:55:24.360 [info] Got 0 sessions for ...
2026-01-18 00:55:24.404 [info] Getting sessions for all scopes...
2026-01-18 00:55:24.404 [info] Got 0 sessions for ...
2026-01-18 00:55:51.853 [info] Getting sessions for all scopes...
2026-01-18 00:55:51.853 [info] Got 0 sessions for ...
2026-01-18 00:55:53.729 [info] Getting sessions for all scopes...
2026-01-18 00:55:53.729 [info] Got 0 sessions for ...
2026-01-18 00:56:12.266 [info] Getting sessions for all scopes...
2026-01-18 00:56:12.266 [info] Got 0 sessions for ...
2026-01-18 00:56:14.984 [info] Getting sessions for all scopes...
2026-01-18 00:56:14.984 [info] Got 0 sessions for ...
2026-01-18 00:56:16.056 [info] Getting sessions for all scopes...
2026-01-18 00:56:16.056 [info] Got 0 sessions for ...
2026-01-18 00:56:17.725 [info] Getting sessions for all scopes...
2026-01-18 00:56:17.725 [info] Got 0 sessions for ...
2026-01-18 00:56:20.793 [info] Getting sessions for all scopes...
2026-01-18 00:56:20.793 [info] Got 0 sessions for ...
2026-01-18 00:56:30.451 [info] Getting sessions for all scopes...
2026-01-18 00:56:30.451 [info] Got 0 sessions for ...
2026-01-18 00:56:33.446 [info] Getting sessions for all scopes...
2026-01-18 00:56:33.446 [info] Got 0 sessions for ...
2026-01-18 00:56:33.644 [info] Getting sessions for all scopes...
2026-01-18 00:56:33.644 [info] Got 0 sessions for ...
2026-01-18 00:56:33.729 [info] Getting sessions for all scopes...
2026-01-18 00:56:33.729 [info] Got 0 sessions for ...
2026-01-18 00:58:27.446 [info] Getting sessions for all scopes...
2026-01-18 00:58:27.446 [info] Got 0 sessions for ...
2026-01-18 00:58:28.259 [info] Getting sessions for all scopes...
2026-01-18 00:58:28.259 [info] Got 0 sessions for ...
2026-01-18 00:58:28.923 [info] Getting sessions for all scopes...
2026-01-18 00:58:28.923 [info] Got 0 sessions for ...
