2026-01-18 00:25:20.174 [info] Reading sessions from keychain...
2026-01-18 00:25:20.174 [info] Getting sessions for all scopes...
2026-01-18 00:25:20.174 [info] Got 0 sessions for ...
2026-01-18 00:25:20.174 [info] Getting sessions for all scopes...
2026-01-18 00:25:20.174 [info] Got 0 sessions for ...
2026-01-18 00:25:20.174 [info] Getting sessions for all scopes...
2026-01-18 00:25:20.174 [info] Got 0 sessions for ...
2026-01-18 00:25:20.174 [info] Getting sessions for all scopes...
2026-01-18 00:25:20.174 [info] Got 0 sessions for ...
2026-01-18 00:25:20.174 [info] Getting sessions for all scopes...
2026-01-18 00:25:20.174 [info] Got 0 sessions for ...
2026-01-18 00:25:20.174 [info] Getting sessions for all scopes...
2026-01-18 00:25:20.174 [info] Got 0 sessions for ...
2026-01-18 00:25:20.174 [info] Getting sessions for all scopes...
2026-01-18 00:25:20.174 [info] Got 0 sessions for ...
2026-01-18 00:25:20.174 [info] Getting sessions for all scopes...
2026-01-18 00:25:20.174 [info] Got 0 sessions for ...
2026-01-18 00:25:20.174 [info] Getting sessions for all scopes...
2026-01-18 00:25:20.174 [info] Got 0 sessions for ...
2026-01-18 00:25:20.174 [info] Getting sessions for all scopes...
2026-01-18 00:25:20.174 [info] Got 0 sessions for ...
2026-01-18 00:25:20.174 [info] Getting sessions for all scopes...
2026-01-18 00:25:20.174 [info] Got 0 sessions for ...
2026-01-18 00:25:20.174 [info] Getting sessions for all scopes...
2026-01-18 00:25:20.174 [info] Got 0 sessions for ...
2026-01-18 00:25:20.174 [info] Getting sessions for all scopes...
2026-01-18 00:25:20.174 [info] Got 0 sessions for ...
2026-01-18 00:25:20.408 [info] Getting sessions for all scopes...
2026-01-18 00:25:20.409 [info] Got 0 sessions for ...
2026-01-18 00:25:20.444 [info] Getting sessions for all scopes...
2026-01-18 00:25:20.444 [info] Got 0 sessions for ...
2026-01-18 00:25:20.527 [info] Getting sessions for all scopes...
2026-01-18 00:25:20.527 [info] Got 0 sessions for ...
2026-01-18 00:25:20.612 [info] Getting sessions for all scopes...
2026-01-18 00:25:20.612 [info] Got 0 sessions for ...
2026-01-18 00:25:20.768 [info] Getting sessions for all scopes...
2026-01-18 00:25:20.768 [info] Got 0 sessions for ...
2026-01-18 00:25:20.809 [info] Getting sessions for all scopes...
2026-01-18 00:25:20.810 [info] Got 0 sessions for ...
2026-01-18 00:25:21.400 [info] Getting sessions for all scopes...
2026-01-18 00:25:21.400 [info] Got 0 sessions for ...
2026-01-18 00:25:21.526 [info] Getting sessions for project,read:org,read:user,repo,user:email,workflow...
2026-01-18 00:25:21.526 [info] Got 0 sessions for project,read:org,read:user,repo,user:email,workflow...
2026-01-18 00:25:21.562 [info] Getting sessions for read:user,repo,user:email,workflow...
2026-01-18 00:25:21.562 [info] Got 0 sessions for read:user,repo,user:email,workflow...
2026-01-18 00:25:21.567 [info] Getting sessions for read:user,repo,user:email...
2026-01-18 00:25:21.567 [info] Got 0 sessions for read:user,repo,user:email...
2026-01-18 00:25:21.568 [info] Getting sessions for read:user,repo,user:email,workflow...
2026-01-18 00:25:21.568 [info] Got 0 sessions for read:user,repo,user:email,workflow...
2026-01-18 00:25:21.773 [info] Getting sessions for all scopes...
2026-01-18 00:25:21.773 [info] Got 0 sessions for ...
2026-01-18 00:25:21.952 [info] Getting sessions for all scopes...
2026-01-18 00:25:21.952 [info] Got 0 sessions for ...
2026-01-18 00:25:21.956 [info] Getting sessions for all scopes...
2026-01-18 00:25:21.956 [info] Got 0 sessions for ...
2026-01-18 00:25:30.853 [info] Getting sessions for all scopes...
2026-01-18 00:25:30.853 [info] Got 0 sessions for ...
2026-01-18 00:25:45.158 [info] Getting sessions for all scopes...
2026-01-18 00:25:45.158 [info] Got 0 sessions for ...
2026-01-18 00:25:58.835 [info] Getting sessions for all scopes...
2026-01-18 00:25:58.835 [info] Got 0 sessions for ...
2026-01-18 00:26:01.981 [info] Getting sessions for all scopes...
2026-01-18 00:26:01.981 [info] Got 0 sessions for ...
2026-01-18 00:26:09.156 [info] Getting sessions for all scopes...
2026-01-18 00:26:09.156 [info] Got 0 sessions for ...
2026-01-18 00:26:17.330 [info] Getting sessions for all scopes...
2026-01-18 00:26:17.330 [info] Got 0 sessions for ...
2026-01-18 00:26:17.342 [info] Getting sessions for all scopes...
2026-01-18 00:26:17.342 [info] Got 0 sessions for ...
2026-01-18 00:26:25.238 [info] Getting sessions for all scopes...
2026-01-18 00:26:25.238 [info] Got 0 sessions for ...
2026-01-18 00:26:27.780 [info] Getting sessions for all scopes...
2026-01-18 00:26:27.780 [info] Got 0 sessions for ...
2026-01-18 00:26:35.833 [info] Reading sessions from keychain...
2026-01-18 00:26:35.833 [info] Getting sessions for all scopes...
2026-01-18 00:26:35.833 [info] Got 0 sessions for ...
2026-01-18 00:26:35.833 [info] Getting sessions for all scopes...
2026-01-18 00:26:35.833 [info] Got 0 sessions for ...
2026-01-18 00:26:35.833 [info] Getting sessions for all scopes...
2026-01-18 00:26:35.833 [info] Got 0 sessions for ...
2026-01-18 00:26:35.833 [info] Getting sessions for all scopes...
2026-01-18 00:26:35.833 [info] Got 0 sessions for ...
2026-01-18 00:26:35.833 [info] Getting sessions for all scopes...
2026-01-18 00:26:35.833 [info] Got 0 sessions for ...
2026-01-18 00:26:37.269 [info] Getting sessions for project,read:org,read:user,repo,user:email,workflow...
2026-01-18 00:26:37.269 [info] Got 0 sessions for project,read:org,read:user,repo,user:email,workflow...
2026-01-18 00:26:37.300 [info] Getting sessions for read:user,repo,user:email,workflow...
2026-01-18 00:26:37.300 [info] Got 0 sessions for read:user,repo,user:email,workflow...
2026-01-18 00:26:37.316 [info] Getting sessions for read:user,repo,user:email...
2026-01-18 00:26:37.316 [info] Got 0 sessions for read:user,repo,user:email...
2026-01-18 00:26:37.317 [info] Getting sessions for read:user,repo,user:email,workflow...
2026-01-18 00:26:37.317 [info] Got 0 sessions for read:user,repo,user:email,workflow...
2026-01-18 00:26:37.514 [info] Getting sessions for all scopes...
2026-01-18 00:26:37.514 [info] Got 0 sessions for ...
2026-01-18 00:26:38.387 [info] Getting sessions for all scopes...
2026-01-18 00:26:38.387 [info] Got 0 sessions for ...
2026-01-18 00:26:53.509 [info] Getting sessions for all scopes...
2026-01-18 00:26:53.509 [info] Got 0 sessions for ...
2026-01-18 00:26:53.632 [info] Getting sessions for all scopes...
2026-01-18 00:26:53.632 [info] Got 0 sessions for ...
2026-01-18 00:26:59.848 [info] Getting sessions for all scopes...
2026-01-18 00:26:59.848 [info] Got 0 sessions for ...
2026-01-18 00:27:02.518 [info] Getting sessions for all scopes...
2026-01-18 00:27:02.518 [info] Got 0 sessions for ...
2026-01-18 00:27:32.369 [info] Getting sessions for all scopes...
2026-01-18 00:27:32.369 [info] Got 0 sessions for ...
2026-01-18 00:27:34.993 [info] Getting sessions for all scopes...
2026-01-18 00:27:34.993 [info] Got 0 sessions for ...
2026-01-18 00:27:40.899 [info] Getting sessions for all scopes...
2026-01-18 00:27:40.899 [info] Got 0 sessions for ...
2026-01-18 00:27:41.014 [info] Getting sessions for all scopes...
2026-01-18 00:27:41.014 [info] Got 0 sessions for ...
2026-01-18 00:27:48.710 [info] Getting sessions for all scopes...
2026-01-18 00:27:48.710 [info] Got 0 sessions for ...
2026-01-18 00:28:00.267 [info] Getting sessions for all scopes...
2026-01-18 00:28:00.267 [info] Got 0 sessions for ...
2026-01-18 00:28:00.391 [info] Getting sessions for all scopes...
2026-01-18 00:28:00.392 [info] Got 0 sessions for ...
2026-01-18 00:28:01.034 [info] Getting sessions for all scopes...
2026-01-18 00:28:01.034 [info] Got 0 sessions for ...
2026-01-18 00:28:24.199 [info] Getting sessions for all scopes...
2026-01-18 00:28:24.199 [info] Got 0 sessions for ...
2026-01-18 00:28:26.299 [info] Getting sessions for all scopes...
2026-01-18 00:28:26.299 [info] Got 0 sessions for ...
2026-01-18 00:28:30.604 [info] Getting sessions for all scopes...
2026-01-18 00:28:30.604 [info] Got 0 sessions for ...
2026-01-18 00:28:31.906 [info] Getting sessions for all scopes...
2026-01-18 00:28:31.906 [info] Got 0 sessions for ...
2026-01-18 00:28:34.236 [info] Getting sessions for all scopes...
2026-01-18 00:28:34.236 [info] Got 0 sessions for ...
2026-01-18 00:28:44.789 [info] Getting sessions for all scopes...
2026-01-18 00:28:44.789 [info] Got 0 sessions for ...
2026-01-18 00:28:46.161 [info] Getting sessions for all scopes...
2026-01-18 00:28:46.161 [info] Got 0 sessions for ...
2026-01-18 00:29:52.439 [info] Getting sessions for all scopes...
2026-01-18 00:29:52.439 [info] Got 0 sessions for ...
2026-01-18 00:29:55.952 [info] Getting sessions for all scopes...
2026-01-18 00:29:55.952 [info] Got 0 sessions for ...
2026-01-18 00:29:58.761 [info] Getting sessions for all scopes...
2026-01-18 00:29:58.761 [info] Got 0 sessions for ...
2026-01-18 00:30:02.419 [info] Getting sessions for all scopes...
2026-01-18 00:30:02.419 [info] Got 0 sessions for ...
2026-01-18 00:30:02.502 [info] Getting sessions for all scopes...
2026-01-18 00:30:02.502 [info] Got 0 sessions for ...
2026-01-18 00:30:03.280 [info] Getting sessions for all scopes...
2026-01-18 00:30:03.280 [info] Got 0 sessions for ...
2026-01-18 00:30:04.200 [info] Getting sessions for all scopes...
2026-01-18 00:30:04.200 [info] Got 0 sessions for ...
2026-01-18 00:30:04.283 [info] Getting sessions for all scopes...
2026-01-18 00:30:04.283 [info] Got 0 sessions for ...
2026-01-18 00:30:06.354 [info] Getting sessions for all scopes...
2026-01-18 00:30:06.354 [info] Got 0 sessions for ...
2026-01-18 00:30:09.824 [info] Getting sessions for all scopes...
2026-01-18 00:30:09.824 [info] Got 0 sessions for ...
2026-01-18 00:30:09.903 [info] Getting sessions for all scopes...
2026-01-18 00:30:09.904 [info] Got 0 sessions for ...
2026-01-18 00:30:11.260 [info] Getting sessions for all scopes...
2026-01-18 00:30:11.260 [info] Got 0 sessions for ...
2026-01-18 00:30:21.478 [info] Getting sessions for all scopes...
2026-01-18 00:30:21.478 [info] Got 0 sessions for ...
2026-01-18 00:30:26.751 [info] Getting sessions for all scopes...
2026-01-18 00:30:26.772 [info] Got 0 sessions for ...
2026-01-18 00:30:32.401 [info] Getting sessions for all scopes...
2026-01-18 00:30:32.401 [info] Got 0 sessions for ...
2026-01-18 00:33:04.102 [info] Getting sessions for all scopes...
2026-01-18 00:33:04.102 [info] Got 0 sessions for ...
2026-01-18 00:33:04.476 [info] Getting sessions for all scopes...
2026-01-18 00:33:04.476 [info] Got 0 sessions for ...
2026-01-18 00:33:05.300 [info] Getting sessions for all scopes...
2026-01-18 00:33:05.300 [info] Got 0 sessions for ...
2026-01-18 00:33:19.488 [info] Getting sessions for all scopes...
2026-01-18 00:33:19.488 [info] Got 0 sessions for ...
2026-01-18 00:33:21.902 [info] Getting sessions for all scopes...
2026-01-18 00:33:21.902 [info] Got 0 sessions for ...
2026-01-18 00:33:27.484 [info] Getting sessions for all scopes...
2026-01-18 00:33:27.484 [info] Got 0 sessions for ...
2026-01-18 00:34:09.828 [info] Getting sessions for all scopes...
2026-01-18 00:34:09.828 [info] Got 0 sessions for ...
2026-01-18 00:34:28.594 [info] Getting sessions for all scopes...
2026-01-18 00:34:28.594 [info] Got 0 sessions for ...
2026-01-18 00:34:29.195 [info] Getting sessions for all scopes...
2026-01-18 00:34:29.195 [info] Got 0 sessions for ...
2026-01-18 00:34:29.985 [info] Getting sessions for all scopes...
2026-01-18 00:34:29.985 [info] Got 0 sessions for ...
2026-01-18 00:34:38.302 [info] Getting sessions for all scopes...
2026-01-18 00:34:38.302 [info] Got 0 sessions for ...
2026-01-18 00:34:38.743 [info] Getting sessions for all scopes...
2026-01-18 00:34:38.743 [info] Got 0 sessions for ...
2026-01-18 00:34:38.801 [info] Getting sessions for all scopes...
2026-01-18 00:34:38.801 [info] Got 0 sessions for ...
2026-01-18 00:34:39.366 [info] Getting sessions for all scopes...
2026-01-18 00:34:39.366 [info] Got 0 sessions for ...
2026-01-18 00:34:39.705 [info] Getting sessions for all scopes...
2026-01-18 00:34:39.705 [info] Got 0 sessions for ...
2026-01-18 00:34:39.768 [info] Getting sessions for all scopes...
2026-01-18 00:34:39.768 [info] Got 0 sessions for ...
2026-01-18 00:34:42.143 [info] Getting sessions for all scopes...
2026-01-18 00:34:42.143 [info] Got 0 sessions for ...
2026-01-18 00:34:43.032 [info] Getting sessions for all scopes...
2026-01-18 00:34:43.032 [info] Got 0 sessions for ...
2026-01-18 00:34:43.118 [info] Getting sessions for all scopes...
2026-01-18 00:34:43.118 [info] Got 0 sessions for ...
2026-01-18 00:34:53.069 [info] Getting sessions for all scopes...
2026-01-18 00:34:53.069 [info] Got 0 sessions for ...
2026-01-18 00:35:00.815 [info] Getting sessions for all scopes...
2026-01-18 00:35:00.815 [info] Got 0 sessions for ...
2026-01-18 00:35:01.553 [info] Getting sessions for all scopes...
2026-01-18 00:35:01.553 [info] Got 0 sessions for ...
2026-01-18 00:35:03.418 [info] Getting sessions for all scopes...
2026-01-18 00:35:03.418 [info] Got 0 sessions for ...
2026-01-18 00:35:03.496 [info] Getting sessions for all scopes...
2026-01-18 00:35:03.497 [info] Got 0 sessions for ...
2026-01-18 00:47:22.683 [info] Getting sessions for all scopes...
2026-01-18 00:47:22.683 [info] Got 0 sessions for ...
2026-01-18 00:48:07.843 [info] Getting sessions for all scopes...
2026-01-18 00:48:07.843 [info] Got 0 sessions for ...
