["INFO" - 9:55:35 PM] Extension Name: esbenp.prettier-vscode.
["INFO" - 9:55:35 PM] Extension Version: 12.1.0.
["INFO" - 9:55:35 PM] EditorConfig support is enabled, checking for .editorconfig files
["INFO" - 9:55:35 PM] No local configuration (i.e. .prettierrc or .editorconfig) detected, will fall back to VS Code configuration
["INFO" - 9:55:49 PM] EditorConfig support is enabled, checking for .editorconfig files
["INFO" - 9:55:49 PM] No local configuration (i.e. .prettierrc or .editorconfig) detected, will fall back to VS Code configuration
["INFO" - 9:56:21 PM] EditorConfig support is enabled, checking for .editorconfig files
["INFO" - 9:56:21 PM] No local configuration (i.e. .prettierrc or .editorconfig) detected, will fall back to VS Code configuration
["INFO" - 9:56:24 PM] EditorConfig support is enabled, checking for .editorconfig files
["INFO" - 9:56:24 PM] No local configuration (i.e. .prettierrc or .editorconfig) detected, will fall back to VS Code configuration
["INFO" - 9:56:27 PM] EditorConfig support is enabled, checking for .editorconfig files
["INFO" - 9:56:27 PM] No local configuration (i.e. .prettierrc or .editorconfig) detected, will fall back to VS Code configuration
["INFO" - 9:56:28 PM] EditorConfig support is enabled, checking for .editorconfig files
["INFO" - 9:56:28 PM] No local configuration (i.e. .prettierrc or .editorconfig) detected, will fall back to VS Code configuration
["INFO" - 9:57:44 PM] EditorConfig support is enabled, checking for .editorconfig files
["INFO" - 9:57:44 PM] No local configuration (i.e. .prettierrc or .editorconfig) detected, will fall back to VS Code configuration
["INFO" - 10:02:59 PM] EditorConfig support is enabled, checking for .editorconfig files
["INFO" - 10:02:59 PM] No local configuration (i.e. .prettierrc or .editorconfig) detected, will fall back to VS Code configuration
["INFO" - 10:04:44 PM] EditorConfig support is enabled, checking for .editorconfig files
["INFO" - 10:04:44 PM] No local configuration (i.e. .prettierrc or .editorconfig) detected, will fall back to VS Code configuration
["INFO" - 10:06:49 PM] EditorConfig support is enabled, checking for .editorconfig files
["INFO" - 10:06:49 PM] No local configuration (i.e. .prettierrc or .editorconfig) detected, will fall back to VS Code configuration
["INFO" - 10:06:49 PM] EditorConfig support is enabled, checking for .editorconfig files
["INFO" - 10:06:49 PM] No local configuration (i.e. .prettierrc or .editorconfig) detected, will fall back to VS Code configuration
["INFO" - 10:06:51 PM] EditorConfig support is enabled, checking for .editorconfig files
["INFO" - 10:06:51 PM] No local configuration (i.e. .prettierrc or .editorconfig) detected, will fall back to VS Code configuration
["INFO" - 10:06:51 PM] EditorConfig support is enabled, checking for .editorconfig files
["INFO" - 10:06:51 PM] No local configuration (i.e. .prettierrc or .editorconfig) detected, will fall back to VS Code configuration
["INFO" - 10:07:09 PM] EditorConfig support is enabled, checking for .editorconfig files
["INFO" - 10:07:09 PM] No local configuration (i.e. .prettierrc or .editorconfig) detected, will fall back to VS Code configuration
["INFO" - 10:07:11 PM] EditorConfig support is enabled, checking for .editorconfig files
["INFO" - 10:07:11 PM] No local configuration (i.e. .prettierrc or .editorconfig) detected, will fall back to VS Code configuration
["INFO" - 10:12:53 PM] EditorConfig support is enabled, checking for .editorconfig files
["INFO" - 10:12:53 PM] No local configuration (i.e. .prettierrc or .editorconfig) detected, will fall back to VS Code configuration
["INFO" - 10:19:41 PM] EditorConfig support is enabled, checking for .editorconfig files
["INFO" - 10:19:41 PM] No local configuration (i.e. .prettierrc or .editorconfig) detected, will fall back to VS Code configuration
["INFO" - 10:19:56 PM] EditorConfig support is enabled, checking for .editorconfig files
["INFO" - 10:19:56 PM] No local configuration (i.e. .prettierrc or .editorconfig) detected, will fall back to VS Code configuration
["INFO" - 10:21:16 PM] EditorConfig support is enabled, checking for .editorconfig files
["INFO" - 10:21:16 PM] No local configuration (i.e. .prettierrc or .editorconfig) detected, will fall back to VS Code configuration
["INFO" - 10:21:37 PM] EditorConfig support is enabled, checking for .editorconfig files
["INFO" - 10:21:37 PM] No local configuration (i.e. .prettierrc or .editorconfig) detected, will fall back to VS Code configuration
["INFO" - 10:22:36 PM] EditorConfig support is enabled, checking for .editorconfig files
["INFO" - 10:22:36 PM] No local configuration (i.e. .prettierrc or .editorconfig) detected, will fall back to VS Code configuration
["INFO" - 10:22:45 PM] EditorConfig support is enabled, checking for .editorconfig files
["INFO" - 10:22:45 PM] No local configuration (i.e. .prettierrc or .editorconfig) detected, will fall back to VS Code configuration
["INFO" - 10:22:53 PM] EditorConfig support is enabled, checking for .editorconfig files
["INFO" - 10:22:53 PM] No local configuration (i.e. .prettierrc or .editorconfig) detected, will fall back to VS Code configuration
["INFO" - 10:22:54 PM] EditorConfig support is enabled, checking for .editorconfig files
["INFO" - 10:22:54 PM] No local configuration (i.e. .prettierrc or .editorconfig) detected, will fall back to VS Code configuration
["INFO" - 10:22:55 PM] EditorConfig support is enabled, checking for .editorconfig files
["INFO" - 10:22:55 PM] No local configuration (i.e. .prettierrc or .editorconfig) detected, will fall back to VS Code configuration
["INFO" - 10:22:55 PM] EditorConfig support is enabled, checking for .editorconfig files
["INFO" - 10:22:55 PM] No local configuration (i.e. .prettierrc or .editorconfig) detected, will fall back to VS Code configuration
["INFO" - 10:24:10 PM] EditorConfig support is enabled, checking for .editorconfig files
["INFO" - 10:24:10 PM] No local configuration (i.e. .prettierrc or .editorconfig) detected, will fall back to VS Code configuration
["INFO" - 10:32:34 PM] EditorConfig support is enabled, checking for .editorconfig files
["INFO" - 10:32:34 PM] No local configuration (i.e. .prettierrc or .editorconfig) detected, will fall back to VS Code configuration
["INFO" - 10:32:35 PM] EditorConfig support is enabled, checking for .editorconfig files
["INFO" - 10:32:35 PM] No local configuration (i.e. .prettierrc or .editorconfig) detected, will fall back to VS Code configuration
["INFO" - 10:32:36 PM] EditorConfig support is enabled, checking for .editorconfig files
["INFO" - 10:32:36 PM] No local configuration (i.e. .prettierrc or .editorconfig) detected, will fall back to VS Code configuration
["INFO" - 10:32:42 PM] EditorConfig support is enabled, checking for .editorconfig files
["INFO" - 10:32:42 PM] No local configuration (i.e. .prettierrc or .editorconfig) detected, will fall back to VS Code configuration
["INFO" - 10:36:16 PM] EditorConfig support is enabled, checking for .editorconfig files
["INFO" - 10:36:16 PM] No local configuration (i.e. .prettierrc or .editorconfig) detected, will fall back to VS Code configuration
["INFO" - 11:00:56 PM] EditorConfig support is enabled, checking for .editorconfig files
["INFO" - 11:00:56 PM] No local configuration (i.e. .prettierrc or .editorconfig) detected, will fall back to VS Code configuration
["INFO" - 11:01:55 PM] EditorConfig support is enabled, checking for .editorconfig files
["INFO" - 11:01:55 PM] No local configuration (i.e. .prettierrc or .editorconfig) detected, will fall back to VS Code configuration
["INFO" - 11:01:57 PM] EditorConfig support is enabled, checking for .editorconfig files
["INFO" - 11:01:57 PM] No local configuration (i.e. .prettierrc or .editorconfig) detected, will fall back to VS Code configuration
["INFO" - 11:01:58 PM] EditorConfig support is enabled, checking for .editorconfig files
["INFO" - 11:01:58 PM] No local configuration (i.e. .prettierrc or .editorconfig) detected, will fall back to VS Code configuration
["INFO" - 11:04:41 PM] EditorConfig support is enabled, checking for .editorconfig files
["INFO" - 11:04:41 PM] No local configuration (i.e. .prettierrc or .editorconfig) detected, will fall back to VS Code configuration
["INFO" - 11:16:54 PM] EditorConfig support is enabled, checking for .editorconfig files
["INFO" - 11:16:54 PM] No local configuration (i.e. .prettierrc or .editorconfig) detected, will fall back to VS Code configuration
["INFO" - 11:17:01 PM] EditorConfig support is enabled, checking for .editorconfig files
["INFO" - 11:17:01 PM] No local configuration (i.e. .prettierrc or .editorconfig) detected, will fall back to VS Code configuration
["INFO" - 11:17:06 PM] EditorConfig support is enabled, checking for .editorconfig files
["INFO" - 11:17:06 PM] No local configuration (i.e. .prettierrc or .editorconfig) detected, will fall back to VS Code configuration
["INFO" - 11:27:59 PM] EditorConfig support is enabled, checking for .editorconfig files
["INFO" - 11:27:59 PM] No local configuration (i.e. .prettierrc or .editorconfig) detected, will fall back to VS Code configuration
["INFO" - 11:31:51 PM] EditorConfig support is enabled, checking for .editorconfig files
["INFO" - 11:31:51 PM] No local configuration (i.e. .prettierrc or .editorconfig) detected, will fall back to VS Code configuration
["INFO" - 11:45:54 PM] EditorConfig support is enabled, checking for .editorconfig files
["INFO" - 11:45:54 PM] No local configuration (i.e. .prettierrc or .editorconfig) detected, will fall back to VS Code configuration
["INFO" - 11:46:20 PM] EditorConfig support is enabled, checking for .editorconfig files
["INFO" - 11:46:20 PM] No local configuration (i.e. .prettierrc or .editorconfig) detected, will fall back to VS Code configuration
["INFO" - 11:46:31 PM] EditorConfig support is enabled, checking for .editorconfig files
["INFO" - 11:46:31 PM] No local configuration (i.e. .prettierrc or .editorconfig) detected, will fall back to VS Code configuration
["INFO" - 11:57:58 PM] EditorConfig support is enabled, checking for .editorconfig files
["INFO" - 11:57:58 PM] No local configuration (i.e. .prettierrc or .editorconfig) detected, will fall back to VS Code configuration
["INFO" - 11:58:20 PM] EditorConfig support is enabled, checking for .editorconfig files
["INFO" - 11:58:20 PM] No local configuration (i.e. .prettierrc or .editorconfig) detected, will fall back to VS Code configuration
["INFO" - 11:58:20 PM] EditorConfig support is enabled, checking for .editorconfig files
["INFO" - 11:58:20 PM] No local configuration (i.e. .prettierrc or .editorconfig) detected, will fall back to VS Code configuration
["INFO" - 12:05:52 AM] EditorConfig support is enabled, checking for .editorconfig files
["INFO" - 12:05:52 AM] No local configuration (i.e. .prettierrc or .editorconfig) detected, will fall back to VS Code configuration
["INFO" - 12:07:13 AM] EditorConfig support is enabled, checking for .editorconfig files
["INFO" - 12:07:13 AM] No local configuration (i.e. .prettierrc or .editorconfig) detected, will fall back to VS Code configuration
["INFO" - 12:08:09 AM] EditorConfig support is enabled, checking for .editorconfig files
["INFO" - 12:08:09 AM] No local configuration (i.e. .prettierrc or .editorconfig) detected, will fall back to VS Code configuration
["INFO" - 12:12:10 AM] EditorConfig support is enabled, checking for .editorconfig files
["INFO" - 12:12:10 AM] No local configuration (i.e. .prettierrc or .editorconfig) detected, will fall back to VS Code configuration
["INFO" - 12:13:40 AM] EditorConfig support is enabled, checking for .editorconfig files
["INFO" - 12:13:40 AM] No local configuration (i.e. .prettierrc or .editorconfig) detected, will fall back to VS Code configuration
["INFO" - 12:15:51 AM] EditorConfig support is enabled, checking for .editorconfig files
["INFO" - 12:15:51 AM] No local configuration (i.e. .prettierrc or .editorconfig) detected, will fall back to VS Code configuration
["INFO" - 12:15:53 AM] EditorConfig support is enabled, checking for .editorconfig files
["INFO" - 12:15:53 AM] No local configuration (i.e. .prettierrc or .editorconfig) detected, will fall back to VS Code configuration
["INFO" - 12:15:54 AM] EditorConfig support is enabled, checking for .editorconfig files
["INFO" - 12:15:54 AM] No local configuration (i.e. .prettierrc or .editorconfig) detected, will fall back to VS Code configuration
["INFO" - 12:15:54 AM] EditorConfig support is enabled, checking for .editorconfig files
["INFO" - 12:15:54 AM] No local configuration (i.e. .prettierrc or .editorconfig) detected, will fall back to VS Code configuration
["INFO" - 12:23:25 AM] EditorConfig support is enabled, checking for .editorconfig files
["INFO" - 12:23:25 AM] No local configuration (i.e. .prettierrc or .editorconfig) detected, will fall back to VS Code configuration
["INFO" - 12:24:14 AM] EditorConfig support is enabled, checking for .editorconfig files
["INFO" - 12:24:14 AM] No local configuration (i.e. .prettierrc or .editorconfig) detected, will fall back to VS Code configuration
["INFO" - 12:24:24 AM] EditorConfig support is enabled, checking for .editorconfig files
["INFO" - 12:24:24 AM] No local configuration (i.e. .prettierrc or .editorconfig) detected, will fall back to VS Code configuration
["INFO" - 12:24:31 AM] EditorConfig support is enabled, checking for .editorconfig files
["INFO" - 12:24:31 AM] No local configuration (i.e. .prettierrc or .editorconfig) detected, will fall back to VS Code configuration
